-------------------------------------------------------------------------------
Test set: As a user I have to be able register on the website
-------------------------------------------------------------------------------
Tests run: 15, Failures: 1, Errors: 0, Skipped: 0, Time elapsed: 44.218 s <<< FAILURE! - in As a user I have to be able register on the website
As a user I have to be able register on the website.user can't register if enters correct email and password more than 50 characters  Time elapsed: 9.365 s  <<< FAILURE!
java.lang.AssertionError

