<?xml version="1.0" encoding="UTF-8"?>
<testsuite xmlns:xsi="http://www.w3.org/2001/XMLSchema-instance" xsi:noNamespaceSchemaLocation="https://maven.apache.org/surefire/maven-surefire-plugin/xsd/surefire-test-report-3.0.xsd" version="3.0" name="User with the wrong credentials should not be able" time="184.408" tests="22" errors="0" skipped="0" failures="0">
  <properties>
[...]
</properties>
  <testcase name="User login fail" classname="User with the wrong credentials should not be able" time="18.629">
    <system-out><![CDATA[
@bla
Scenario: User login fail               &amp#27;[90m# src/test/resources/features/login.feature:6&amp#27;[0m
  &amp#27;[32mGiven &amp#27;[0m&amp#27;[32muser on the main page&amp#27;[0m           &amp#27;[90m# ru.drmteamdev.step_definition.LoginStepDef.user_on_the_main_page()&amp#27;[0m
  &amp#27;[32mWhen &amp#27;[0m&amp#27;[32muser enters not registered email&amp#27;[0m &amp#27;[90m# ru.drmteamdev.step_definition.LoginStepDef.user_enters_not_registered_email()&amp#27;[0m
  &amp#27;[32mThen &amp#27;[0m&amp#27;[32muser should not be able to login&amp#27;[0m &amp#27;[90m# ru.drmteamdev.step_definition.LoginStepDef.user_should_not_be_able_to_login()&amp#27;[0m
]]></system-out>
    <system-err><![CDATA[SLF4J: Failed to load class "org.slf4j.impl.StaticLoggerBinder".
SLF4J: Defaulting to no-operation (NOP) logger implementation
SLF4J: See http://www.slf4j.org/codes.html#StaticLoggerBinder for further details.
1698213423619	geckodriver	INFO	Listening on 127.0.0.1:11623
1698213424771	mozrunner::runner	INFO	Running command: "C:\\Program Files\\Mozilla Firefox\\firefox.exe" "--marionette" "--remote-debugging-port" "18009" "--remote ... /localhost:18009/,http://[::1]:18009/" "-no-remote" "-profile" "C:\\Users\\USER\\AppData\\Local\\Temp\\rust_mozprofiletgutpy"
console.warn: services.settings: Ignoring preference override of remote settings server
console.warn: services.settings: Allow by setting MOZ_REMOTE_SETTINGS_DEVTOOLS=1 in the environment
1698213425910	Marionette	INFO	Marionette enabled
Dynamically enable window occlusion 0
1698213426147	Marionette	INFO	Listening on port 63827
WebDriver BiDi listening on ws://127.0.0.1:18009
Read port: 63827
1698213427048	RemoteAgent	WARN	TLS certificate errors will be ignored for this session
DevTools listening on ws://127.0.0.1:18009/devtools/browser/026620bb-d24c-45d5-aa1e-1a293660ac6c
console.warn: LoginRecipes: "Falling back to a synchronous message for: https://drmteamdev.ru."
1698213437491	RemoteAgent	INFO	Perform WebSocket upgrade for incoming connection from 127.0.0.1:63909
1698213437498	CDP	WARN	Invalid browser preferences for CDP. Set "fission.webContentIsolationStrategy"to 0 and "fission.bfcacheInParent" to false before Firefox starts.
1698213437546	Marionette	INFO	Stopped listening on port 63827
Dynamically enable window occlusion 1
]]></system-err>
  </testcase>
  <testcase name="User login fail without password" classname="User with the wrong credentials should not be able" time="10.844">
    <system-out><![CDATA[
@bla
Scenario: User login fail without password         &amp#27;[90m# src/test/resources/features/login.feature:11&amp#27;[0m
  &amp#27;[32mGiven &amp#27;[0m&amp#27;[32muser on the main page&amp#27;[0m                      &amp#27;[90m# ru.drmteamdev.step_definition.LoginStepDef.user_on_the_main_page()&amp#27;[0m
  &amp#27;[32mWhen &amp#27;[0m&amp#27;[32muser enters just unregistered email&amp#27;[0m         &amp#27;[90m# ru.drmteamdev.step_definition.LoginStepDef.user_enters_just_unregistered_email()&amp#27;[0m
  &amp#27;[32mThen &amp#27;[0m&amp#27;[32muser will see &amp#27;[0m&amp#27;[32m&amp#27;[1m"РџР°СЂРѕР»СЊ РЅРµ РјРѕР¶РµС‚ Р±С‹С‚СЊ РїСѓСЃС‚С‹Рј"&amp#27;[0m &amp#27;[90m# ru.drmteamdev.step_definition.LoginStepDef.userWillSee(java.lang.String)&amp#27;[0m
]]></system-out>
    <system-err><![CDATA[1698213439982	geckodriver	INFO	Listening on 127.0.0.1:8572
1698213440496	mozrunner::runner	INFO	Running command: "C:\\Program Files\\Mozilla Firefox\\firefox.exe" "--marionette" "--remote-debugging-port" "45169" "--remote ... /localhost:45169/,http://[::1]:45169/" "-no-remote" "-profile" "C:\\Users\\USER\\AppData\\Local\\Temp\\rust_mozprofile7cAm1p"
console.warn: services.settings: Ignoring preference override of remote settings server
console.warn: services.settings: Allow by setting MOZ_REMOTE_SETTINGS_DEVTOOLS=1 in the environment
1698213441419	Marionette	INFO	Marionette enabled
Dynamically enable window occlusion 0
1698213441607	Marionette	INFO	Listening on port 63925
WebDriver BiDi listening on ws://127.0.0.1:45169
Read port: 63925
1698213441776	RemoteAgent	WARN	TLS certificate errors will be ignored for this session
DevTools listening on ws://127.0.0.1:45169/devtools/browser/295a196b-d74d-4af3-99ab-b69fe27f45da
1698213448674	RemoteAgent	INFO	Perform WebSocket upgrade for incoming connection from 127.0.0.1:63970
1698213448680	CDP	WARN	Invalid browser preferences for CDP. Set "fission.webContentIsolationStrategy"to 0 and "fission.bfcacheInParent" to false before Firefox starts.
1698213448711	Marionette	INFO	Stopped listening on port 63925
Dynamically enable window occlusion 1
]]></system-err>
  </testcase>
  <testcase name="User as a volunteer should be able to login with the correct credentials" classname="User with the wrong credentials should not be able" time="11.699">
    <system-out><![CDATA[
@bla
Scenario: User as a volunteer should be able to login with the correct credentials &amp#27;[90m# src/test/resources/features/login.feature:16&amp#27;[0m
  &amp#27;[32mGiven &amp#27;[0m&amp#27;[32muser on the login page&amp#27;[0m                                                     &amp#27;[90m# ru.drmteamdev.step_definition.LoginStepDef.user_on_the_login_page()&amp#27;[0m
  &amp#27;[32mWhen &amp#27;[0m&amp#27;[32muser enters confirmed email and valid password&amp#27;[0m                              &amp#27;[90m# ru.drmteamdev.step_definition.LoginStepDef.user_enters_confirmed_email_and_valid_password()&amp#27;[0m
  &amp#27;[32mThen &amp#27;[0m&amp#27;[32muser should see Task Page&amp#27;[0m                                                   &amp#27;[90m# ru.drmteamdev.step_definition.LoginStepDef.user_should_see_task_page()&amp#27;[0m
]]></system-out>
    <system-err><![CDATA[1698213450752	geckodriver	INFO	Listening on 127.0.0.1:1092
1698213450783	mozrunner::runner	INFO	Running command: "C:\\Program Files\\Mozilla Firefox\\firefox.exe" "--marionette" "--remote-debugging-port" "19357" "--remote ... /localhost:19357/,http://[::1]:19357/" "-no-remote" "-profile" "C:\\Users\\USER\\AppData\\Local\\Temp\\rust_mozprofileUlsgoS"
console.warn: services.settings: Ignoring preference override of remote settings server
console.warn: services.settings: Allow by setting MOZ_REMOTE_SETTINGS_DEVTOOLS=1 in the environment
1698213451434	Marionette	INFO	Marionette enabled
Dynamically enable window occlusion 0
1698213451636	Marionette	INFO	Listening on port 63984
WebDriver BiDi listening on ws://127.0.0.1:19357
Read port: 63984
1698213452317	RemoteAgent	WARN	TLS certificate errors will be ignored for this session
DevTools listening on ws://127.0.0.1:19357/devtools/browser/50e0bce8-95ca-46c4-ae70-a93f05b80c2c
console.warn: LoginRecipes: "Falling back to a synchronous message for: https://drmteamdev.ru."
1698213459715	RemoteAgent	INFO	Perform WebSocket upgrade for incoming connection from 127.0.0.1:64047
1698213459720	CDP	WARN	Invalid browser preferences for CDP. Set "fission.webContentIsolationStrategy"to 0 and "fission.bfcacheInParent" to false before Firefox starts.
1698213459728	Marionette	INFO	Stopped listening on port 63984
Dynamically enable window occlusion 1
]]></system-err>
  </testcase>
  <testcase name="User as a volunteer have to be able to logout" classname="User with the wrong credentials should not be able" time="12.522">
    <system-out><![CDATA[
@bla
Scenario: User as a volunteer have to be able to logout &amp#27;[90m# src/test/resources/features/login.feature:21&amp#27;[0m
  &amp#27;[32mGiven &amp#27;[0m&amp#27;[32muser on the task page&amp#27;[0m                           &amp#27;[90m# ru.drmteamdev.step_definition.LoginStepDef.user_on_the_task_page()&amp#27;[0m
  &amp#27;[32mWhen &amp#27;[0m&amp#27;[32mif user click Р’С‹Р№С‚Рё&amp#27;[0m                              &amp#27;[90m# ru.drmteamdev.step_definition.LoginStepDef.ifUserClick()&amp#27;[0m
  &amp#27;[32mThen &amp#27;[0m&amp#27;[32muser should see login page&amp#27;[0m                       &amp#27;[90m# ru.drmteamdev.step_definition.LoginStepDef.user_should_see_login_page()&amp#27;[0m
]]></system-out>
    <system-err><![CDATA[1698213462485	geckodriver	INFO	Listening on 127.0.0.1:14807
1698213463015	mozrunner::runner	INFO	Running command: "C:\\Program Files\\Mozilla Firefox\\firefox.exe" "--marionette" "--remote-debugging-port" "19864" "--remote ... /localhost:19864/,http://[::1]:19864/" "-no-remote" "-profile" "C:\\Users\\USER\\AppData\\Local\\Temp\\rust_mozprofileQ5GWgO"
console.warn: services.settings: Ignoring preference override of remote settings server
console.warn: services.settings: Allow by setting MOZ_REMOTE_SETTINGS_DEVTOOLS=1 in the environment
1698213464067	Marionette	INFO	Marionette enabled
Dynamically enable window occlusion 0
1698213464236	Marionette	INFO	Listening on port 64073
Read port: 64073
WebDriver BiDi listening on ws://127.0.0.1:19864
1698213464354	RemoteAgent	WARN	TLS certificate errors will be ignored for this session
DevTools listening on ws://127.0.0.1:19864/devtools/browser/7875d1c0-c32f-4887-b4e6-7e16743db2e8
console.warn: LoginRecipes: "Falling back to a synchronous message for: https://drmteamdev.ru."
1698213470124	RemoteAgent	INFO	Perform WebSocket upgrade for incoming connection from 127.0.0.1:64107
1698213470129	CDP	WARN	Invalid browser preferences for CDP. Set "fission.webContentIsolationStrategy"to 0 and "fission.bfcacheInParent" to false before Firefox starts.
1698213470141	Marionette	INFO	Stopped listening on port 64073
Dynamically enable window occlusion 1
!!! error running onStopped callback: TypeError: callback is not a function
]]></system-err>
  </testcase>
  <testcase name="User as an admin should be able to login with the correct credentials" classname="User with the wrong credentials should not be able" time="10.731">
    <system-out><![CDATA[
@bla
Scenario: User as an admin should be able to login with the correct credentials &amp#27;[90m# src/test/resources/features/login.feature:27&amp#27;[0m
  &amp#27;[32mGiven &amp#27;[0m&amp#27;[32muser on the login page&amp#27;[0m                                                  &amp#27;[90m# ru.drmteamdev.step_definition.LoginStepDef.user_on_the_login_page()&amp#27;[0m
  &amp#27;[32mWhen &amp#27;[0m&amp#27;[32muser as an admin enters confirmed email and valid password&amp#27;[0m               &amp#27;[90m# ru.drmteamdev.step_definition.LoginStepDef.userAsAnAdminEntersConfirmedEmailAndValidPassword()&amp#27;[0m
  &amp#27;[32mThen &amp#27;[0m&amp#27;[32muser should see Task Page&amp#27;[0m                                                &amp#27;[90m# ru.drmteamdev.step_definition.LoginStepDef.user_should_see_task_page()&amp#27;[0m
]]></system-out>
    <system-err><![CDATA[1698213474999	geckodriver	INFO	Listening on 127.0.0.1:33661
1698213475528	mozrunner::runner	INFO	Running command: "C:\\Program Files\\Mozilla Firefox\\firefox.exe" "--marionette" "--remote-debugging-port" "46519" "--remote ... /localhost:46519/,http://[::1]:46519/" "-no-remote" "-profile" "C:\\Users\\USER\\AppData\\Local\\Temp\\rust_mozprofile9BeoIS"
console.warn: services.settings: Ignoring preference override of remote settings server
console.warn: services.settings: Allow by setting MOZ_REMOTE_SETTINGS_DEVTOOLS=1 in the environment
1698213476886	Marionette	INFO	Marionette enabled
Dynamically enable window occlusion 0
1698213477079	Marionette	INFO	Listening on port 64158
WebDriver BiDi listening on ws://127.0.0.1:46519
Read port: 64158
1698213477722	RemoteAgent	WARN	TLS certificate errors will be ignored for this session
DevTools listening on ws://127.0.0.1:46519/devtools/browser/bc857bfd-cdb3-449e-a32c-9d280cbc53ac
console.warn: LoginRecipes: "Falling back to a synchronous message for: https://drmteamdev.ru."
1698213483540	RemoteAgent	INFO	Perform WebSocket upgrade for incoming connection from 127.0.0.1:64204
1698213483544	CDP	WARN	Invalid browser preferences for CDP. Set "fission.webContentIsolationStrategy"to 0 and "fission.bfcacheInParent" to false before Firefox starts.
1698213483557	Marionette	INFO	Stopped listening on port 64158
Dynamically enable window occlusion 1
]]></system-err>
  </testcase>
  <testcase name="User as an admin have to be able to logout" classname="User with the wrong credentials should not be able" time="8.856">
    <system-out><![CDATA[
@bla
Scenario: User as an admin have to be able to logout              &amp#27;[90m# src/test/resources/features/login.feature:32&amp#27;[0m
  &amp#27;[32mGiven &amp#27;[0m&amp#27;[32muser on the login page&amp#27;[0m                                    &amp#27;[90m# ru.drmteamdev.step_definition.LoginStepDef.user_on_the_login_page()&amp#27;[0m
  &amp#27;[32mWhen &amp#27;[0m&amp#27;[32muser as an admin enters confirmed email and valid password&amp#27;[0m &amp#27;[90m# ru.drmteamdev.step_definition.LoginStepDef.userAsAnAdminEntersConfirmedEmailAndValidPassword()&amp#27;[0m
  &amp#27;[32mAnd &amp#27;[0m&amp#27;[32mif user click Р’С‹Р№С‚Рё&amp#27;[0m                                         &amp#27;[90m# ru.drmteamdev.step_definition.LoginStepDef.ifUserClick()&amp#27;[0m
  &amp#27;[32mThen &amp#27;[0m&amp#27;[32muser should see login page&amp#27;[0m                                 &amp#27;[90m# ru.drmteamdev.step_definition.LoginStepDef.user_should_see_login_page()&amp#27;[0m
]]></system-out>
    <system-err><![CDATA[1698213485800	geckodriver	INFO	Listening on 127.0.0.1:30277
1698213485823	mozrunner::runner	INFO	Running command: "C:\\Program Files\\Mozilla Firefox\\firefox.exe" "--marionette" "--remote-debugging-port" "44130" "--remote ... /localhost:44130/,http://[::1]:44130/" "-no-remote" "-profile" "C:\\Users\\USER\\AppData\\Local\\Temp\\rust_mozprofileUxxSSU"
console.warn: services.settings: Ignoring preference override of remote settings server
console.warn: services.settings: Allow by setting MOZ_REMOTE_SETTINGS_DEVTOOLS=1 in the environment
1698213486494	Marionette	INFO	Marionette enabled
Dynamically enable window occlusion 0
1698213486655	Marionette	INFO	Listening on port 64217
WebDriver BiDi listening on ws://127.0.0.1:44130
Read port: 64217
1698213487268	RemoteAgent	WARN	TLS certificate errors will be ignored for this session
DevTools listening on ws://127.0.0.1:44130/devtools/browser/8d7697ac-610b-438c-8252-ede00dfc4fcf
console.warn: LoginRecipes: "Falling back to a synchronous message for: https://drmteamdev.ru."
1698213493109	RemoteAgent	INFO	Perform WebSocket upgrade for incoming connection from 127.0.0.1:64264
1698213493114	CDP	WARN	Invalid browser preferences for CDP. Set "fission.webContentIsolationStrategy"to 0 and "fission.bfcacheInParent" to false before Firefox starts.
1698213493118	Marionette	INFO	Stopped listening on port 64217
Dynamically enable window occlusion 1
!!! error running onStopped callback: TypeError: callback is not a function
]]></system-err>
  </testcase>
  <testcase name="User as an admin should not be able to login with an incorrect password #1" classname="User with the wrong credentials should not be able" time="9.852">
    <system-out><![CDATA[
@bla
Scenario Outline: User as an admin should not be able to login with an incorrect password &amp#27;[90m# src/test/resources/features/login.feature:45&amp#27;[0m
  &amp#27;[32mGiven &amp#27;[0m&amp#27;[32muser on the login page&amp#27;[0m                                                            &amp#27;[90m# ru.drmteamdev.step_definition.LoginStepDef.user_on_the_login_page()&amp#27;[0m
  &amp#27;[32mWhen &amp#27;[0m&amp#27;[32muser as an admin enters confirmed email and invalid &amp#27;[0m&amp#27;[32m&amp#27;[1m"..."&amp#27;[0m                          &amp#27;[90m# ru.drmteamdev.step_definition.LoginStepDef.userAsAnAdminEntersConfirmedEmailAndInvalid(java.lang.String)&amp#27;[0m
  &amp#27;[32mThen &amp#27;[0m&amp#27;[32muser should see warning sign Password not correct&amp#27;[0m                                  &amp#27;[90m# ru.drmteamdev.step_definition.LoginStepDef.userShouldSeeWarningSignPasswordNotCorrect()&amp#27;[0m
]]></system-out>
    <system-err><![CDATA[1698213494591	geckodriver	INFO	Listening on 127.0.0.1:41005
1698213495225	mozrunner::runner	INFO	Running command: "C:\\Program Files\\Mozilla Firefox\\firefox.exe" "--marionette" "--remote-debugging-port" "36925" "--remote ... /localhost:36925/,http://[::1]:36925/" "-no-remote" "-profile" "C:\\Users\\USER\\AppData\\Local\\Temp\\rust_mozprofile3H0Bj9"
console.warn: services.settings: Ignoring preference override of remote settings server
console.warn: services.settings: Allow by setting MOZ_REMOTE_SETTINGS_DEVTOOLS=1 in the environment
1698213496783	Marionette	INFO	Marionette enabled
Dynamically enable window occlusion 0
1698213496924	Marionette	INFO	Listening on port 64282
WebDriver BiDi listening on ws://127.0.0.1:36925
Read port: 64282
1698213497511	RemoteAgent	WARN	TLS certificate errors will be ignored for this session
DevTools listening on ws://127.0.0.1:36925/devtools/browser/71b96fa5-e5b6-4ff2-a382-e2a8cecdf9c1
console.warn: LoginRecipes: "Falling back to a synchronous message for: https://drmteamdev.ru."
1698213502170	RemoteAgent	INFO	Perform WebSocket upgrade for incoming connection from 127.0.0.1:64326
1698213502174	CDP	WARN	Invalid browser preferences for CDP. Set "fission.webContentIsolationStrategy"to 0 and "fission.bfcacheInParent" to false before Firefox starts.
1698213502249	Marionette	INFO	Stopped listening on port 64282
Dynamically enable window occlusion 1
!!! error running onStopped callback: TypeError: callback is not a function
]]></system-err>
  </testcase>
  <testcase name="User as an admin should not be able to login with an incorrect password #2" classname="User with the wrong credentials should not be able" time="8.669">
    <system-out><![CDATA[
@bla
Scenario Outline: User as an admin should not be able to login with an incorrect password &amp#27;[90m# src/test/resources/features/login.feature:46&amp#27;[0m
  &amp#27;[32mGiven &amp#27;[0m&amp#27;[32muser on the login page&amp#27;[0m                                                            &amp#27;[90m# ru.drmteamdev.step_definition.LoginStepDef.user_on_the_login_page()&amp#27;[0m
  &amp#27;[32mWhen &amp#27;[0m&amp#27;[32muser as an admin enters confirmed email and invalid &amp#27;[0m&amp#27;[32m&amp#27;[1m"1234"&amp#27;[0m                         &amp#27;[90m# ru.drmteamdev.step_definition.LoginStepDef.userAsAnAdminEntersConfirmedEmailAndInvalid(java.lang.String)&amp#27;[0m
  &amp#27;[32mThen &amp#27;[0m&amp#27;[32muser should see warning sign Password not correct&amp#27;[0m                                  &amp#27;[90m# ru.drmteamdev.step_definition.LoginStepDef.userShouldSeeWarningSignPasswordNotCorrect()&amp#27;[0m
]]></system-out>
    <system-err><![CDATA[1698213504412	geckodriver	INFO	Listening on 127.0.0.1:23581
1698213504972	mozrunner::runner	INFO	Running command: "C:\\Program Files\\Mozilla Firefox\\firefox.exe" "--marionette" "--remote-debugging-port" "47679" "--remote ... /localhost:47679/,http://[::1]:47679/" "-no-remote" "-profile" "C:\\Users\\USER\\AppData\\Local\\Temp\\rust_mozprofileTBowqi"
console.warn: services.settings: Ignoring preference override of remote settings server
console.warn: services.settings: Allow by setting MOZ_REMOTE_SETTINGS_DEVTOOLS=1 in the environment
1698213505461	Marionette	INFO	Marionette enabled
Dynamically enable window occlusion 0
1698213505619	Marionette	INFO	Listening on port 64343
WebDriver BiDi listening on ws://127.0.0.1:47679
Read port: 64343
1698213505936	RemoteAgent	WARN	TLS certificate errors will be ignored for this session
DevTools listening on ws://127.0.0.1:47679/devtools/browser/4f2df58c-5953-4ce8-9593-4a5e7f5bc752
console.warn: LoginRecipes: "Falling back to a synchronous message for: https://drmteamdev.ru."
1698213511391	RemoteAgent	INFO	Perform WebSocket upgrade for incoming connection from 127.0.0.1:64391
1698213511397	CDP	WARN	Invalid browser preferences for CDP. Set "fission.webContentIsolationStrategy"to 0 and "fission.bfcacheInParent" to false before Firefox starts.
1698213511445	Marionette	INFO	Stopped listening on port 64343
Dynamically enable window occlusion 1
]]></system-err>
  </testcase>
  <testcase name="User as an admin should not be able to login with an incorrect password #3" classname="User with the wrong credentials should not be able" time="8.104">
    <system-out><![CDATA[
@bla
Scenario Outline: User as an admin should not be able to login with an incorrect password &amp#27;[90m# src/test/resources/features/login.feature:47&amp#27;[0m
  &amp#27;[32mGiven &amp#27;[0m&amp#27;[32muser on the login page&amp#27;[0m                                                            &amp#27;[90m# ru.drmteamdev.step_definition.LoginStepDef.user_on_the_login_page()&amp#27;[0m
  &amp#27;[32mWhen &amp#27;[0m&amp#27;[32muser as an admin enters confirmed email and invalid &amp#27;[0m&amp#27;[32m&amp#27;[1m"321"&amp#27;[0m                          &amp#27;[90m# ru.drmteamdev.step_definition.LoginStepDef.userAsAnAdminEntersConfirmedEmailAndInvalid(java.lang.String)&amp#27;[0m
  &amp#27;[32mThen &amp#27;[0m&amp#27;[32muser should see warning sign Password not correct&amp#27;[0m                                  &amp#27;[90m# ru.drmteamdev.step_definition.LoginStepDef.userShouldSeeWarningSignPasswordNotCorrect()&amp#27;[0m
]]></system-out>
    <system-err><![CDATA[1698213513111	geckodriver	INFO	Listening on 127.0.0.1:7102
1698213513614	mozrunner::runner	INFO	Running command: "C:\\Program Files\\Mozilla Firefox\\firefox.exe" "--marionette" "--remote-debugging-port" "48379" "--remote ... /localhost:48379/,http://[::1]:48379/" "-no-remote" "-profile" "C:\\Users\\USER\\AppData\\Local\\Temp\\rust_mozprofilexzLd8N"
console.warn: services.settings: Ignoring preference override of remote settings server
console.warn: services.settings: Allow by setting MOZ_REMOTE_SETTINGS_DEVTOOLS=1 in the environment
1698213514152	Marionette	INFO	Marionette enabled
Dynamically enable window occlusion 0
1698213514297	Marionette	INFO	Listening on port 64412
WebDriver BiDi listening on ws://127.0.0.1:48379
Read port: 64412
1698213514760	RemoteAgent	WARN	TLS certificate errors will be ignored for this session
DevTools listening on ws://127.0.0.1:48379/devtools/browser/3ea0d853-690a-4e81-ae82-515caf2ee302
console.warn: LoginRecipes: "Falling back to a synchronous message for: https://drmteamdev.ru."
1698213519485	RemoteAgent	INFO	Perform WebSocket upgrade for incoming connection from 127.0.0.1:64450
1698213519490	CDP	WARN	Invalid browser preferences for CDP. Set "fission.webContentIsolationStrategy"to 0 and "fission.bfcacheInParent" to false before Firefox starts.
1698213519511	Marionette	INFO	Stopped listening on port 64412
Dynamically enable window occlusion 1
]]></system-err>
  </testcase>
  <testcase name="User as an admin should not be able to login with an incorrect password #4" classname="User with the wrong credentials should not be able" time="8.268">
    <system-out><![CDATA[
@bla
Scenario Outline: User as an admin should not be able to login with an incorrect password &amp#27;[90m# src/test/resources/features/login.feature:48&amp#27;[0m
  &amp#27;[32mGiven &amp#27;[0m&amp#27;[32muser on the login page&amp#27;[0m                                                            &amp#27;[90m# ru.drmteamdev.step_definition.LoginStepDef.user_on_the_login_page()&amp#27;[0m
  &amp#27;[32mWhen &amp#27;[0m&amp#27;[32muser as an admin enters confirmed email and invalid &amp#27;[0m&amp#27;[32m&amp#27;[1m"vnaoshi"&amp#27;[0m                      &amp#27;[90m# ru.drmteamdev.step_definition.LoginStepDef.userAsAnAdminEntersConfirmedEmailAndInvalid(java.lang.String)&amp#27;[0m
  &amp#27;[32mThen &amp#27;[0m&amp#27;[32muser should see warning sign Password not correct&amp#27;[0m                                  &amp#27;[90m# ru.drmteamdev.step_definition.LoginStepDef.userShouldSeeWarningSignPasswordNotCorrect()&amp#27;[0m
]]></system-out>
    <system-err><![CDATA[1698213521203	geckodriver	INFO	Listening on 127.0.0.1:28072
1698213521802	mozrunner::runner	INFO	Running command: "C:\\Program Files\\Mozilla Firefox\\firefox.exe" "--marionette" "--remote-debugging-port" "20376" "--remote ... /localhost:20376/,http://[::1]:20376/" "-no-remote" "-profile" "C:\\Users\\USER\\AppData\\Local\\Temp\\rust_mozprofileDvpeRw"
console.warn: services.settings: Ignoring preference override of remote settings server
console.warn: services.settings: Allow by setting MOZ_REMOTE_SETTINGS_DEVTOOLS=1 in the environment
1698213522416	Marionette	INFO	Marionette enabled
Dynamically enable window occlusion 0
1698213522527	Marionette	INFO	Listening on port 64471
WebDriver BiDi listening on ws://127.0.0.1:20376
Read port: 64471
1698213522841	RemoteAgent	WARN	TLS certificate errors will be ignored for this session
DevTools listening on ws://127.0.0.1:20376/devtools/browser/25fd510c-d8cf-4a7f-8f0f-32b73ed21343
console.warn: LoginRecipes: "Falling back to a synchronous message for: https://drmteamdev.ru."
1698213527686	RemoteAgent	INFO	Perform WebSocket upgrade for incoming connection from 127.0.0.1:64505
1698213527691	CDP	WARN	Invalid browser preferences for CDP. Set "fission.webContentIsolationStrategy"to 0 and "fission.bfcacheInParent" to false before Firefox starts.
1698213527696	Marionette	INFO	Stopped listening on port 64471
Dynamically enable window occlusion 1
]]></system-err>
  </testcase>
  <testcase name="User as an admin should not be able to login with an incorrect password #5" classname="User with the wrong credentials should not be able" time="6.74">
    <system-out><![CDATA[
@bla
Scenario Outline: User as an admin should not be able to login with an incorrect password &amp#27;[90m# src/test/resources/features/login.feature:49&amp#27;[0m
  &amp#27;[32mGiven &amp#27;[0m&amp#27;[32muser on the login page&amp#27;[0m                                                            &amp#27;[90m# ru.drmteamdev.step_definition.LoginStepDef.user_on_the_login_page()&amp#27;[0m
  &amp#27;[32mWhen &amp#27;[0m&amp#27;[32muser as an admin enters confirmed email and invalid &amp#27;[0m&amp#27;[32m&amp#27;[1m"РґРѕР°С‹С‰С€РѕРІР°С‰"&amp#27;[0m                   &amp#27;[90m# ru.drmteamdev.step_definition.LoginStepDef.userAsAnAdminEntersConfirmedEmailAndInvalid(java.lang.String)&amp#27;[0m
  &amp#27;[32mThen &amp#27;[0m&amp#27;[32muser should see warning sign Password not correct&amp#27;[0m                                  &amp#27;[90m# ru.drmteamdev.step_definition.LoginStepDef.userShouldSeeWarningSignPasswordNotCorrect()&amp#27;[0m
]]></system-out>
    <system-err><![CDATA[1698213529452	geckodriver	INFO	Listening on 127.0.0.1:26719
1698213529478	mozrunner::runner	INFO	Running command: "C:\\Program Files\\Mozilla Firefox\\firefox.exe" "--marionette" "--remote-debugging-port" "33844" "--remote ... /localhost:33844/,http://[::1]:33844/" "-no-remote" "-profile" "C:\\Users\\USER\\AppData\\Local\\Temp\\rust_mozprofileVtbCjy"
console.warn: services.settings: Ignoring preference override of remote settings server
console.warn: services.settings: Allow by setting MOZ_REMOTE_SETTINGS_DEVTOOLS=1 in the environment
1698213529987	Marionette	INFO	Marionette enabled
Dynamically enable window occlusion 0
1698213530098	Marionette	INFO	Listening on port 64522
WebDriver BiDi listening on ws://127.0.0.1:33844
Read port: 64522
1698213530421	RemoteAgent	WARN	TLS certificate errors will be ignored for this session
DevTools listening on ws://127.0.0.1:33844/devtools/browser/db05918f-67c5-4617-adc5-f2d3782b6f28
console.warn: LoginRecipes: "Falling back to a synchronous message for: https://drmteamdev.ru."
1698213535011	RemoteAgent	INFO	Perform WebSocket upgrade for incoming connection from 127.0.0.1:64556
1698213535015	CDP	WARN	Invalid browser preferences for CDP. Set "fission.webContentIsolationStrategy"to 0 and "fission.bfcacheInParent" to false before Firefox starts.
1698213535021	Marionette	INFO	Stopped listening on port 64522
Dynamically enable window occlusion 1
]]></system-err>
  </testcase>
  <testcase name="User as an admin should not be able to login with an incorrect password #6" classname="User with the wrong credentials should not be able" time="5.898">
    <system-out><![CDATA[
@bla
Scenario Outline: User as an admin should not be able to login with an incorrect password &amp#27;[90m# src/test/resources/features/login.feature:50&amp#27;[0m
  &amp#27;[32mGiven &amp#27;[0m&amp#27;[32muser on the login page&amp#27;[0m                                                            &amp#27;[90m# ru.drmteamdev.step_definition.LoginStepDef.user_on_the_login_page()&amp#27;[0m
  &amp#27;[32mWhen &amp#27;[0m&amp#27;[32muser as an admin enters confirmed email and invalid &amp#27;[0m&amp#27;[32m&amp#27;[1m"123123"&amp#27;[0m                       &amp#27;[90m# ru.drmteamdev.step_definition.LoginStepDef.userAsAnAdminEntersConfirmedEmailAndInvalid(java.lang.String)&amp#27;[0m
  &amp#27;[32mThen &amp#27;[0m&amp#27;[32muser should see warning sign Password not correct&amp#27;[0m                                  &amp#27;[90m# ru.drmteamdev.step_definition.LoginStepDef.userShouldSeeWarningSignPasswordNotCorrect()&amp#27;[0m
]]></system-out>
    <system-err><![CDATA[1698213536173	geckodriver	INFO	Listening on 127.0.0.1:22735
1698213536192	mozrunner::runner	INFO	Running command: "C:\\Program Files\\Mozilla Firefox\\firefox.exe" "--marionette" "--remote-debugging-port" "24764" "--remote ... /localhost:24764/,http://[::1]:24764/" "-no-remote" "-profile" "C:\\Users\\USER\\AppData\\Local\\Temp\\rust_mozprofile7PIwdr"
console.warn: services.settings: Ignoring preference override of remote settings server
console.warn: services.settings: Allow by setting MOZ_REMOTE_SETTINGS_DEVTOOLS=1 in the environment
1698213536627	Marionette	INFO	Marionette enabled
Dynamically enable window occlusion 0
1698213536729	Marionette	INFO	Listening on port 64562
WebDriver BiDi listening on ws://127.0.0.1:24764
Read port: 64562
1698213536980	RemoteAgent	WARN	TLS certificate errors will be ignored for this session
DevTools listening on ws://127.0.0.1:24764/devtools/browser/e0d22786-0bb5-4bcf-8a77-60c2f9787c91
console.warn: LoginRecipes: "Falling back to a synchronous message for: https://drmteamdev.ru."
1698213540776	RemoteAgent	INFO	Perform WebSocket upgrade for incoming connection from 127.0.0.1:64585
1698213540781	CDP	WARN	Invalid browser preferences for CDP. Set "fission.webContentIsolationStrategy"to 0 and "fission.bfcacheInParent" to false before Firefox starts.
1698213540785	Marionette	INFO	Stopped listening on port 64562
Dynamically enable window occlusion 1
]]></system-err>
  </testcase>
  <testcase name="User as an admin should not be able to login with an incorrect password #7" classname="User with the wrong credentials should not be able" time="5.807">
    <system-out><![CDATA[
@bla
Scenario Outline: User as an admin should not be able to login with an incorrect password &amp#27;[90m# src/test/resources/features/login.feature:51&amp#27;[0m
  &amp#27;[32mGiven &amp#27;[0m&amp#27;[32muser on the login page&amp#27;[0m                                                            &amp#27;[90m# ru.drmteamdev.step_definition.LoginStepDef.user_on_the_login_page()&amp#27;[0m
  &amp#27;[32mWhen &amp#27;[0m&amp#27;[32muser as an admin enters confirmed email and invalid &amp#27;[0m&amp#27;[32m&amp#27;[1m"@#$%^&*()"&amp#27;[0m                    &amp#27;[90m# ru.drmteamdev.step_definition.LoginStepDef.userAsAnAdminEntersConfirmedEmailAndInvalid(java.lang.String)&amp#27;[0m
  &amp#27;[32mThen &amp#27;[0m&amp#27;[32muser should see warning sign Password not correct&amp#27;[0m                                  &amp#27;[90m# ru.drmteamdev.step_definition.LoginStepDef.userShouldSeeWarningSignPasswordNotCorrect()&amp#27;[0m
]]></system-out>
    <system-err><![CDATA[1698213542069	geckodriver	INFO	Listening on 127.0.0.1:14161
1698213542087	mozrunner::runner	INFO	Running command: "C:\\Program Files\\Mozilla Firefox\\firefox.exe" "--marionette" "--remote-debugging-port" "11415" "--remote ... /localhost:11415/,http://[::1]:11415/" "-no-remote" "-profile" "C:\\Users\\USER\\AppData\\Local\\Temp\\rust_mozprofilegjnCbC"
console.warn: services.settings: Ignoring preference override of remote settings server
console.warn: services.settings: Allow by setting MOZ_REMOTE_SETTINGS_DEVTOOLS=1 in the environment
1698213542500	Marionette	INFO	Marionette enabled
Dynamically enable window occlusion 0
1698213542591	Marionette	INFO	Listening on port 64591
WebDriver BiDi listening on ws://127.0.0.1:11415
Read port: 64591
1698213542886	RemoteAgent	WARN	TLS certificate errors will be ignored for this session
DevTools listening on ws://127.0.0.1:11415/devtools/browser/92e27059-a318-480b-a1e2-3fceb0f828a1
console.warn: LoginRecipes: "Falling back to a synchronous message for: https://drmteamdev.ru."
1698213546570	RemoteAgent	INFO	Perform WebSocket upgrade for incoming connection from 127.0.0.1:64613
1698213546574	CDP	WARN	Invalid browser preferences for CDP. Set "fission.webContentIsolationStrategy"to 0 and "fission.bfcacheInParent" to false before Firefox starts.
1698213546580	Marionette	INFO	Stopped listening on port 64591
Dynamically enable window occlusion 1
]]></system-err>
  </testcase>
  <testcase name="User as an admin should not be able to login with an incorrect password #8" classname="User with the wrong credentials should not be able" time="6.802">
    <system-out><![CDATA[
@bla
Scenario Outline: User as an admin should not be able to login with an incorrect password &amp#27;[90m# src/test/resources/features/login.feature:52&amp#27;[0m
  &amp#27;[32mGiven &amp#27;[0m&amp#27;[32muser on the login page&amp#27;[0m                                                            &amp#27;[90m# ru.drmteamdev.step_definition.LoginStepDef.user_on_the_login_page()&amp#27;[0m
  &amp#27;[32mWhen &amp#27;[0m&amp#27;[32muser as an admin enters confirmed email and invalid &amp#27;[0m&amp#27;[32m&amp#27;[1m""&amp#27;[0m                             &amp#27;[90m# ru.drmteamdev.step_definition.LoginStepDef.userAsAnAdminEntersConfirmedEmailAndInvalid(java.lang.String)&amp#27;[0m
  &amp#27;[32mThen &amp#27;[0m&amp#27;[32muser should see warning sign Password not correct&amp#27;[0m                                  &amp#27;[90m# ru.drmteamdev.step_definition.LoginStepDef.userShouldSeeWarningSignPasswordNotCorrect()&amp#27;[0m
]]></system-out>
    <system-err><![CDATA[1698213547885	geckodriver	INFO	Listening on 127.0.0.1:29099
1698213548417	mozrunner::runner	INFO	Running command: "C:\\Program Files\\Mozilla Firefox\\firefox.exe" "--marionette" "--remote-debugging-port" "8077" "--remote- ... ://localhost:8077/,http://[::1]:8077/" "-no-remote" "-profile" "C:\\Users\\USER\\AppData\\Local\\Temp\\rust_mozprofilevWOODi"
console.warn: services.settings: Ignoring preference override of remote settings server
console.warn: services.settings: Allow by setting MOZ_REMOTE_SETTINGS_DEVTOOLS=1 in the environment
1698213548933	Marionette	INFO	Marionette enabled
Dynamically enable window occlusion 0
1698213549042	Marionette	INFO	Listening on port 64620
WebDriver BiDi listening on ws://127.0.0.1:8077
Read port: 64620
1698213549551	RemoteAgent	WARN	TLS certificate errors will be ignored for this session
DevTools listening on ws://127.0.0.1:8077/devtools/browser/f65087fe-4b0c-48e2-a6fb-708affcb762a
console.warn: LoginRecipes: "Falling back to a synchronous message for: https://drmteamdev.ru."
1698213553587	RemoteAgent	INFO	Perform WebSocket upgrade for incoming connection from 127.0.0.1:64642
1698213553593	CDP	WARN	Invalid browser preferences for CDP. Set "fission.webContentIsolationStrategy"to 0 and "fission.bfcacheInParent" to false before Firefox starts.
1698213553597	Marionette	INFO	Stopped listening on port 64620
Dynamically enable window occlusion 1
]]></system-err>
  </testcase>
  <testcase name="User as a volunteer should not be able to login with an incorrect password #1" classname="User with the wrong credentials should not be able" time="5.635">
    <system-out><![CDATA[
@bla
Scenario Outline: User as a volunteer should not be able to login with an incorrect password &amp#27;[90m# src/test/resources/features/login.feature:61&amp#27;[0m
  &amp#27;[32mGiven &amp#27;[0m&amp#27;[32muser on the login page&amp#27;[0m                                                               &amp#27;[90m# ru.drmteamdev.step_definition.LoginStepDef.user_on_the_login_page()&amp#27;[0m
  &amp#27;[32mWhen &amp#27;[0m&amp#27;[32muser as a volunteer enters confirmed email and invalid &amp#27;[0m&amp#27;[32m&amp#27;[1m"..."&amp#27;[0m                          &amp#27;[90m# ru.drmteamdev.step_definition.LoginStepDef.userAsAVolunteerEntersConfirmedEmailAndInvalid(java.lang.String)&amp#27;[0m
  &amp#27;[32mThen &amp#27;[0m&amp#27;[32muser should see warning sign Password not correct&amp#27;[0m                                     &amp#27;[90m# ru.drmteamdev.step_definition.LoginStepDef.userShouldSeeWarningSignPasswordNotCorrect()&amp#27;[0m
]]></system-out>
    <system-err><![CDATA[1698213554679	geckodriver	INFO	Listening on 127.0.0.1:1787
1698213554700	mozrunner::runner	INFO	Running command: "C:\\Program Files\\Mozilla Firefox\\firefox.exe" "--marionette" "--remote-debugging-port" "29182" "--remote ... /localhost:29182/,http://[::1]:29182/" "-no-remote" "-profile" "C:\\Users\\USER\\AppData\\Local\\Temp\\rust_mozprofileHB5H3p"
console.warn: services.settings: Ignoring preference override of remote settings server
console.warn: services.settings: Allow by setting MOZ_REMOTE_SETTINGS_DEVTOOLS=1 in the environment
1698213555131	Marionette	INFO	Marionette enabled
Dynamically enable window occlusion 0
1698213555225	Marionette	INFO	Listening on port 64647
WebDriver BiDi listening on ws://127.0.0.1:29182
Read port: 64647
1698213555451	RemoteAgent	WARN	TLS certificate errors will be ignored for this session
DevTools listening on ws://127.0.0.1:29182/devtools/browser/bf9bb5ec-22ba-489c-9e44-dcbb964622e8
console.warn: LoginRecipes: "Falling back to a synchronous message for: https://drmteamdev.ru."
1698213559178	RemoteAgent	INFO	Perform WebSocket upgrade for incoming connection from 127.0.0.1:64670
1698213559182	CDP	WARN	Invalid browser preferences for CDP. Set "fission.webContentIsolationStrategy"to 0 and "fission.bfcacheInParent" to false before Firefox starts.
1698213559186	Marionette	INFO	Stopped listening on port 64647
Dynamically enable window occlusion 1
]]></system-err>
  </testcase>
  <testcase name="User as a volunteer should not be able to login with an incorrect password #2" classname="User with the wrong credentials should not be able" time="6.286">
    <system-out><![CDATA[
@bla
Scenario Outline: User as a volunteer should not be able to login with an incorrect password &amp#27;[90m# src/test/resources/features/login.feature:62&amp#27;[0m
  &amp#27;[32mGiven &amp#27;[0m&amp#27;[32muser on the login page&amp#27;[0m                                                               &amp#27;[90m# ru.drmteamdev.step_definition.LoginStepDef.user_on_the_login_page()&amp#27;[0m
  &amp#27;[32mWhen &amp#27;[0m&amp#27;[32muser as a volunteer enters confirmed email and invalid &amp#27;[0m&amp#27;[32m&amp#27;[1m"1234"&amp#27;[0m                         &amp#27;[90m# ru.drmteamdev.step_definition.LoginStepDef.userAsAVolunteerEntersConfirmedEmailAndInvalid(java.lang.String)&amp#27;[0m
  &amp#27;[32mThen &amp#27;[0m&amp#27;[32muser should see warning sign Password not correct&amp#27;[0m                                     &amp#27;[90m# ru.drmteamdev.step_definition.LoginStepDef.userShouldSeeWarningSignPasswordNotCorrect()&amp#27;[0m
]]></system-out>
    <system-err><![CDATA[1698213560323	geckodriver	INFO	Listening on 127.0.0.1:48480
1698213560873	mozrunner::runner	INFO	Running command: "C:\\Program Files\\Mozilla Firefox\\firefox.exe" "--marionette" "--remote-debugging-port" "40275" "--remote ... /localhost:40275/,http://[::1]:40275/" "-no-remote" "-profile" "C:\\Users\\USER\\AppData\\Local\\Temp\\rust_mozprofile1rn6On"
console.warn: services.settings: Ignoring preference override of remote settings server
console.warn: services.settings: Allow by setting MOZ_REMOTE_SETTINGS_DEVTOOLS=1 in the environment
1698213561305	Marionette	INFO	Marionette enabled
Dynamically enable window occlusion 0
1698213561399	Marionette	INFO	Listening on port 64676
WebDriver BiDi listening on ws://127.0.0.1:40275
Read port: 64676
1698213561619	RemoteAgent	WARN	TLS certificate errors will be ignored for this session
DevTools listening on ws://127.0.0.1:40275/devtools/browser/500f9265-fb9f-4285-a165-20a52720df71
console.warn: LoginRecipes: "Falling back to a synchronous message for: https://drmteamdev.ru."
1698213565317	RemoteAgent	INFO	Perform WebSocket upgrade for incoming connection from 127.0.0.1:64698
1698213565320	CDP	WARN	Invalid browser preferences for CDP. Set "fission.webContentIsolationStrategy"to 0 and "fission.bfcacheInParent" to false before Firefox starts.
1698213565326	Marionette	INFO	Stopped listening on port 64676
Dynamically enable window occlusion 1
]]></system-err>
  </testcase>
  <testcase name="User as a volunteer should not be able to login with an incorrect password #3" classname="User with the wrong credentials should not be able" time="5.9">
    <system-out><![CDATA[
@bla
Scenario Outline: User as a volunteer should not be able to login with an incorrect password &amp#27;[90m# src/test/resources/features/login.feature:63&amp#27;[0m
  &amp#27;[32mGiven &amp#27;[0m&amp#27;[32muser on the login page&amp#27;[0m                                                               &amp#27;[90m# ru.drmteamdev.step_definition.LoginStepDef.user_on_the_login_page()&amp#27;[0m
  &amp#27;[32mWhen &amp#27;[0m&amp#27;[32muser as a volunteer enters confirmed email and invalid &amp#27;[0m&amp#27;[32m&amp#27;[1m"321"&amp#27;[0m                          &amp#27;[90m# ru.drmteamdev.step_definition.LoginStepDef.userAsAVolunteerEntersConfirmedEmailAndInvalid(java.lang.String)&amp#27;[0m
  &amp#27;[32mThen &amp#27;[0m&amp#27;[32muser should see warning sign Password not correct&amp#27;[0m                                     &amp#27;[90m# ru.drmteamdev.step_definition.LoginStepDef.userShouldSeeWarningSignPasswordNotCorrect()&amp#27;[0m
]]></system-out>
    <system-err><![CDATA[1698213566601	geckodriver	INFO	Listening on 127.0.0.1:12508
1698213566632	mozrunner::runner	INFO	Running command: "C:\\Program Files\\Mozilla Firefox\\firefox.exe" "--marionette" "--remote-debugging-port" "26946" "--remote ... /localhost:26946/,http://[::1]:26946/" "-no-remote" "-profile" "C:\\Users\\USER\\AppData\\Local\\Temp\\rust_mozprofileNOCHeu"
console.warn: services.settings: Ignoring preference override of remote settings server
console.warn: services.settings: Allow by setting MOZ_REMOTE_SETTINGS_DEVTOOLS=1 in the environment
1698213567066	Marionette	INFO	Marionette enabled
Dynamically enable window occlusion 0
1698213567158	Marionette	INFO	Listening on port 64704
WebDriver BiDi listening on ws://127.0.0.1:26946
Read port: 64704
1698213567380	RemoteAgent	WARN	TLS certificate errors will be ignored for this session
DevTools listening on ws://127.0.0.1:26946/devtools/browser/f97175da-3755-4743-91ad-5623211a691b
console.warn: LoginRecipes: "Falling back to a synchronous message for: https://drmteamdev.ru."
1698213571366	RemoteAgent	INFO	Perform WebSocket upgrade for incoming connection from 127.0.0.1:64726
1698213571370	CDP	WARN	Invalid browser preferences for CDP. Set "fission.webContentIsolationStrategy"to 0 and "fission.bfcacheInParent" to false before Firefox starts.
1698213571372	Marionette	INFO	Stopped listening on port 64704
Dynamically enable window occlusion 1
]]></system-err>
  </testcase>
  <testcase name="User as a volunteer should not be able to login with an incorrect password #4" classname="User with the wrong credentials should not be able" time="6.952">
    <system-out><![CDATA[
@bla
Scenario Outline: User as a volunteer should not be able to login with an incorrect password &amp#27;[90m# src/test/resources/features/login.feature:64&amp#27;[0m
  &amp#27;[32mGiven &amp#27;[0m&amp#27;[32muser on the login page&amp#27;[0m                                                               &amp#27;[90m# ru.drmteamdev.step_definition.LoginStepDef.user_on_the_login_page()&amp#27;[0m
  &amp#27;[32mWhen &amp#27;[0m&amp#27;[32muser as a volunteer enters confirmed email and invalid &amp#27;[0m&amp#27;[32m&amp#27;[1m"vnaoshi"&amp#27;[0m                      &amp#27;[90m# ru.drmteamdev.step_definition.LoginStepDef.userAsAVolunteerEntersConfirmedEmailAndInvalid(java.lang.String)&amp#27;[0m
  &amp#27;[32mThen &amp#27;[0m&amp#27;[32muser should see warning sign Password not correct&amp#27;[0m                                     &amp#27;[90m# ru.drmteamdev.step_definition.LoginStepDef.userShouldSeeWarningSignPasswordNotCorrect()&amp#27;[0m
]]></system-out>
    <system-err><![CDATA[1698213572498	geckodriver	INFO	Listening on 127.0.0.1:3472
1698213572523	mozrunner::runner	INFO	Running command: "C:\\Program Files\\Mozilla Firefox\\firefox.exe" "--marionette" "--remote-debugging-port" "14184" "--remote ... /localhost:14184/,http://[::1]:14184/" "-no-remote" "-profile" "C:\\Users\\USER\\AppData\\Local\\Temp\\rust_mozprofileyHLj41"
console.warn: services.settings: Ignoring preference override of remote settings server
console.warn: services.settings: Allow by setting MOZ_REMOTE_SETTINGS_DEVTOOLS=1 in the environment
1698213572971	Marionette	INFO	Marionette enabled
Dynamically enable window occlusion 0
1698213573075	Marionette	INFO	Listening on port 64732
WebDriver BiDi listening on ws://127.0.0.1:14184
Read port: 64732
1698213573399	RemoteAgent	WARN	TLS certificate errors will be ignored for this session
DevTools listening on ws://127.0.0.1:14184/devtools/browser/c54d63a7-336c-401a-83fa-fa582629aab5
console.warn: LoginRecipes: "Falling back to a synchronous message for: https://drmteamdev.ru."
1698213578200	RemoteAgent	INFO	Perform WebSocket upgrade for incoming connection from 127.0.0.1:64755
1698213578204	CDP	WARN	Invalid browser preferences for CDP. Set "fission.webContentIsolationStrategy"to 0 and "fission.bfcacheInParent" to false before Firefox starts.
1698213578208	Marionette	INFO	Stopped listening on port 64732
Dynamically enable window occlusion 1
]]></system-err>
  </testcase>
  <testcase name="User as a volunteer should not be able to login with an incorrect password #5" classname="User with the wrong credentials should not be able" time="6.297">
    <system-out><![CDATA[
@bla
Scenario Outline: User as a volunteer should not be able to login with an incorrect password &amp#27;[90m# src/test/resources/features/login.feature:65&amp#27;[0m
  &amp#27;[32mGiven &amp#27;[0m&amp#27;[32muser on the login page&amp#27;[0m                                                               &amp#27;[90m# ru.drmteamdev.step_definition.LoginStepDef.user_on_the_login_page()&amp#27;[0m
  &amp#27;[32mWhen &amp#27;[0m&amp#27;[32muser as a volunteer enters confirmed email and invalid &amp#27;[0m&amp#27;[32m&amp#27;[1m"РґРѕР°С‹С‰С€РѕРІР°С‰"&amp#27;[0m                   &amp#27;[90m# ru.drmteamdev.step_definition.LoginStepDef.userAsAVolunteerEntersConfirmedEmailAndInvalid(java.lang.String)&amp#27;[0m
  &amp#27;[32mThen &amp#27;[0m&amp#27;[32muser should see warning sign Password not correct&amp#27;[0m                                     &amp#27;[90m# ru.drmteamdev.step_definition.LoginStepDef.userShouldSeeWarningSignPasswordNotCorrect()&amp#27;[0m
]]></system-out>
    <system-err><![CDATA[1698213579459	geckodriver	INFO	Listening on 127.0.0.1:17059
1698213579477	mozrunner::runner	INFO	Running command: "C:\\Program Files\\Mozilla Firefox\\firefox.exe" "--marionette" "--remote-debugging-port" "26798" "--remote ... /localhost:26798/,http://[::1]:26798/" "-no-remote" "-profile" "C:\\Users\\USER\\AppData\\Local\\Temp\\rust_mozprofilehOjF5V"
console.warn: services.settings: Ignoring preference override of remote settings server
console.warn: services.settings: Allow by setting MOZ_REMOTE_SETTINGS_DEVTOOLS=1 in the environment
1698213579910	Marionette	INFO	Marionette enabled
Dynamically enable window occlusion 0
1698213580002	Marionette	INFO	Listening on port 64762
WebDriver BiDi listening on ws://127.0.0.1:26798
Read port: 64762
1698213580224	RemoteAgent	WARN	TLS certificate errors will be ignored for this session
DevTools listening on ws://127.0.0.1:26798/devtools/browser/811c3106-0a9f-4d8b-b344-efcc510e34d2
console.warn: LoginRecipes: "Falling back to a synchronous message for: https://drmteamdev.ru."
1698213584625	RemoteAgent	INFO	Perform WebSocket upgrade for incoming connection from 127.0.0.1:64785
1698213584631	CDP	WARN	Invalid browser preferences for CDP. Set "fission.webContentIsolationStrategy"to 0 and "fission.bfcacheInParent" to false before Firefox starts.
1698213584635	Marionette	INFO	Stopped listening on port 64762
Dynamically enable window occlusion 1
]]></system-err>
  </testcase>
  <testcase name="User as a volunteer should not be able to login with an incorrect password #6" classname="User with the wrong credentials should not be able" time="6.627">
    <system-out><![CDATA[
@bla
Scenario Outline: User as a volunteer should not be able to login with an incorrect password &amp#27;[90m# src/test/resources/features/login.feature:66&amp#27;[0m
  &amp#27;[32mGiven &amp#27;[0m&amp#27;[32muser on the login page&amp#27;[0m                                                               &amp#27;[90m# ru.drmteamdev.step_definition.LoginStepDef.user_on_the_login_page()&amp#27;[0m
  &amp#27;[32mWhen &amp#27;[0m&amp#27;[32muser as a volunteer enters confirmed email and invalid &amp#27;[0m&amp#27;[32m&amp#27;[1m"123123"&amp#27;[0m                       &amp#27;[90m# ru.drmteamdev.step_definition.LoginStepDef.userAsAVolunteerEntersConfirmedEmailAndInvalid(java.lang.String)&amp#27;[0m
  &amp#27;[32mThen &amp#27;[0m&amp#27;[32muser should see warning sign Password not correct&amp#27;[0m                                     &amp#27;[90m# ru.drmteamdev.step_definition.LoginStepDef.userShouldSeeWarningSignPasswordNotCorrect()&amp#27;[0m
]]></system-out>
    <system-err><![CDATA[1698213585752	geckodriver	INFO	Listening on 127.0.0.1:33995
1698213585771	mozrunner::runner	INFO	Running command: "C:\\Program Files\\Mozilla Firefox\\firefox.exe" "--marionette" "--remote-debugging-port" "15275" "--remote ... /localhost:15275/,http://[::1]:15275/" "-no-remote" "-profile" "C:\\Users\\USER\\AppData\\Local\\Temp\\rust_mozprofileFgaise"
console.warn: services.settings: Ignoring preference override of remote settings server
console.warn: services.settings: Allow by setting MOZ_REMOTE_SETTINGS_DEVTOOLS=1 in the environment
1698213586202	Marionette	INFO	Marionette enabled
Dynamically enable window occlusion 0
1698213586295	Marionette	INFO	Listening on port 64791
WebDriver BiDi listening on ws://127.0.0.1:15275
Read port: 64791
1698213586543	RemoteAgent	WARN	TLS certificate errors will be ignored for this session
DevTools listening on ws://127.0.0.1:15275/devtools/browser/b445eadc-a647-438d-9692-d4e81d37e6c8
console.warn: LoginRecipes: "Falling back to a synchronous message for: https://drmteamdev.ru."
1698213591218	RemoteAgent	INFO	Perform WebSocket upgrade for incoming connection from 127.0.0.1:64815
1698213591222	CDP	WARN	Invalid browser preferences for CDP. Set "fission.webContentIsolationStrategy"to 0 and "fission.bfcacheInParent" to false before Firefox starts.
1698213591226	Marionette	INFO	Stopped listening on port 64791
Dynamically enable window occlusion 1
]]></system-err>
  </testcase>
  <testcase name="User as a volunteer should not be able to login with an incorrect password #7" classname="User with the wrong credentials should not be able" time="6.966">
    <system-out><![CDATA[
@bla
Scenario Outline: User as a volunteer should not be able to login with an incorrect password &amp#27;[90m# src/test/resources/features/login.feature:67&amp#27;[0m
  &amp#27;[32mGiven &amp#27;[0m&amp#27;[32muser on the login page&amp#27;[0m                                                               &amp#27;[90m# ru.drmteamdev.step_definition.LoginStepDef.user_on_the_login_page()&amp#27;[0m
  &amp#27;[32mWhen &amp#27;[0m&amp#27;[32muser as a volunteer enters confirmed email and invalid &amp#27;[0m&amp#27;[32m&amp#27;[1m"@#$%^&*()"&amp#27;[0m                    &amp#27;[90m# ru.drmteamdev.step_definition.LoginStepDef.userAsAVolunteerEntersConfirmedEmailAndInvalid(java.lang.String)&amp#27;[0m
  &amp#27;[32mThen &amp#27;[0m&amp#27;[32muser should see warning sign Password not correct&amp#27;[0m                                     &amp#27;[90m# ru.drmteamdev.step_definition.LoginStepDef.userShouldSeeWarningSignPasswordNotCorrect()&amp#27;[0m
]]></system-out>
    <system-err><![CDATA[1698213592384	geckodriver	INFO	Listening on 127.0.0.1:27776
1698213592941	mozrunner::runner	INFO	Running command: "C:\\Program Files\\Mozilla Firefox\\firefox.exe" "--marionette" "--remote-debugging-port" "14685" "--remote ... /localhost:14685/,http://[::1]:14685/" "-no-remote" "-profile" "C:\\Users\\USER\\AppData\\Local\\Temp\\rust_mozprofile5pYBTP"
console.warn: services.settings: Ignoring preference override of remote settings server
console.warn: services.settings: Allow by setting MOZ_REMOTE_SETTINGS_DEVTOOLS=1 in the environment
1698213593389	Marionette	INFO	Marionette enabled
Dynamically enable window occlusion 0
1698213593480	Marionette	INFO	Listening on port 64821
WebDriver BiDi listening on ws://127.0.0.1:14685
Read port: 64821
1698213593706	RemoteAgent	WARN	TLS certificate errors will be ignored for this session
DevTools listening on ws://127.0.0.1:14685/devtools/browser/5c8cdce2-cede-4832-a5c0-ec6c76b8f8ae
console.warn: LoginRecipes: "Falling back to a synchronous message for: https://drmteamdev.ru."
1698213598011	RemoteAgent	INFO	Perform WebSocket upgrade for incoming connection from 127.0.0.1:64844
1698213598015	CDP	WARN	Invalid browser preferences for CDP. Set "fission.webContentIsolationStrategy"to 0 and "fission.bfcacheInParent" to false before Firefox starts.
1698213598021	Marionette	INFO	Stopped listening on port 64821
Dynamically enable window occlusion 1
]]></system-err>
  </testcase>
  <testcase name="User as a volunteer should not be able to login with an incorrect password #8" classname="User with the wrong credentials should not be able" time="6.324">
    <system-out><![CDATA[
@bla
Scenario Outline: User as a volunteer should not be able to login with an incorrect password &amp#27;[90m# src/test/resources/features/login.feature:68&amp#27;[0m
  &amp#27;[32mGiven &amp#27;[0m&amp#27;[32muser on the login page&amp#27;[0m                                                               &amp#27;[90m# ru.drmteamdev.step_definition.LoginStepDef.user_on_the_login_page()&amp#27;[0m
  &amp#27;[32mWhen &amp#27;[0m&amp#27;[32muser as a volunteer enters confirmed email and invalid &amp#27;[0m&amp#27;[32m&amp#27;[1m""&amp#27;[0m                             &amp#27;[90m# ru.drmteamdev.step_definition.LoginStepDef.userAsAVolunteerEntersConfirmedEmailAndInvalid(java.lang.String)&amp#27;[0m
  &amp#27;[32mThen &amp#27;[0m&amp#27;[32muser should see warning sign Password not correct&amp#27;[0m                                     &amp#27;[90m# ru.drmteamdev.step_definition.LoginStepDef.userShouldSeeWarningSignPasswordNotCorrect()&amp#27;[0m
]]></system-out>
    <system-err><![CDATA[1698213599337	geckodriver	INFO	Listening on 127.0.0.1:10896
1698213599362	mozrunner::runner	INFO	Running command: "C:\\Program Files\\Mozilla Firefox\\firefox.exe" "--marionette" "--remote-debugging-port" "13008" "--remote ... /localhost:13008/,http://[::1]:13008/" "-no-remote" "-profile" "C:\\Users\\USER\\AppData\\Local\\Temp\\rust_mozprofile4N9kAG"
console.warn: services.settings: Ignoring preference override of remote settings server
console.warn: services.settings: Allow by setting MOZ_REMOTE_SETTINGS_DEVTOOLS=1 in the environment
1698213599791	Marionette	INFO	Marionette enabled
Dynamically enable window occlusion 0
1698213599880	Marionette	INFO	Listening on port 64850
WebDriver BiDi listening on ws://127.0.0.1:13008
Read port: 64850
1698213600108	RemoteAgent	WARN	TLS certificate errors will be ignored for this session
DevTools listening on ws://127.0.0.1:13008/devtools/browser/cc0e47d6-d945-4b25-920e-89df805af29e
console.warn: LoginRecipes: "Falling back to a synchronous message for: https://drmteamdev.ru."
1698213604582	RemoteAgent	INFO	Perform WebSocket upgrade for incoming connection from 127.0.0.1:64873
1698213604586	CDP	WARN	Invalid browser preferences for CDP. Set "fission.webContentIsolationStrategy"to 0 and "fission.bfcacheInParent" to false before Firefox starts.
1698213604587	Marionette	INFO	Stopped listening on port 64850
Dynamically enable window occlusion 1
]]></system-err>
  </testcase>
</testsuite>