<?xml version="1.0" encoding="UTF-8"?>
<testsuite xmlns:xsi="http://www.w3.org/2001/XMLSchema-instance" xsi:noNamespaceSchemaLocation="https://maven.apache.org/surefire/maven-surefire-plugin/xsd/surefire-test-report-3.0.xsd" version="3.0" name="As a user I have to be able register on the website" time="128.846" tests="10" errors="1" skipped="0" failures="0">
  <properties>
[...]
</properties>
  <testcase name="After user clicked button &quot;Зарегистрироваться&quot; he must see page &quot;Регистрация&quot;" classname="As a user I have to be able register on the website" time="17.874">
    <system-out><![CDATA[&amp#27;[32m&amp#27;[1m┌──────────────────────────────────────────────────────────────────────────┐&amp#27;[0m
&amp#27;[32m&amp#27;[1m│&amp#27;[0m View your Cucumber Report at:                                            &amp#27;[32m&amp#27;[1m│&amp#27;[0m
&amp#27;[32m&amp#27;[1m│&amp#27;[0m &amp#27;[1m&amp#27;[36m&amp#27;[4mhttps://reports.cucumber.io/reports/c2ef53d9-1c21-4d2f-b654-8a4e758f1acb&amp#27;[0m &amp#27;[32m&amp#27;[1m│&amp#27;[0m
&amp#27;[32m&amp#27;[1m│&amp#27;[0m                                                                          &amp#27;[32m&amp#27;[1m│&amp#27;[0m
&amp#27;[32m&amp#27;[1m│&amp#27;[0m &amp#27;[1mThis report will self-destruct in 24h.&amp#27;[0m                                   &amp#27;[32m&amp#27;[1m│&amp#27;[0m
&amp#27;[32m&amp#27;[1m│&amp#27;[0m Keep reports forever: &amp#27;[4m&amp#27;[1m&amp#27;[36mhttps://reports.cucumber.io/profile&amp#27;[0m                &amp#27;[32m&amp#27;[1m│&amp#27;[0m
&amp#27;[32m&amp#27;[1m└──────────────────────────────────────────────────────────────────────────┘&amp#27;[0m

@bla
Scenario: After user clicked button "Р—Р°СЂРµРіРёСЃС‚СЂРёСЂРѕРІР°С‚СЊСЃСЏ" he must see page "Р РµРіРёСЃС‚СЂР°С†РёСЏ" &amp#27;[90m# src/test/resources/features/registration.feature:4&amp#27;[0m
  &amp#27;[32mGiven &amp#27;[0m&amp#27;[32muser at the &amp#27;[0m&amp#27;[32m&amp#27;[1m"Р“Р»Р°РІРЅР°СЏ"&amp#27;[0m&amp#27;[32m page&amp#27;[0m                                                      &amp#27;[90m# ru.drmteamdev.step_definition.RegistrationStepDef.user_at_the_page(java.lang.String)&amp#27;[0m
  &amp#27;[32mWhen &amp#27;[0m&amp#27;[32muser click &amp#27;[0m&amp#27;[32m&amp#27;[1m"Р—Р°СЂРµРіРёСЃС‚СЂРёСЂРѕРІР°С‚СЊСЃСЏ"&amp#27;[0m                                                  &amp#27;[90m# ru.drmteamdev.step_definition.RegistrationStepDef.user_click(java.lang.String)&amp#27;[0m
  &amp#27;[32mThen &amp#27;[0m&amp#27;[32muser should see page with a title &amp#27;[0m&amp#27;[32m&amp#27;[1m"Р РµРіРёСЃС‚СЂР°С†РёСЏ"&amp#27;[0m                                  &amp#27;[90m# ru.drmteamdev.step_definition.RegistrationStepDef.user_should_see_page_with_a_title(java.lang.String)&amp#27;[0m
]]></system-out>
    <system-err><![CDATA[1698213423619	geckodriver	INFO	Listening on 127.0.0.1:48373
1698213424771	mozrunner::runner	INFO	Running command: "C:\\Program Files\\Mozilla Firefox\\firefox.exe" "--marionette" "--remote-debugging-port" "45448" "--remote ... /localhost:45448/,http://[::1]:45448/" "-no-remote" "-profile" "C:\\Users\\USER\\AppData\\Local\\Temp\\rust_mozprofilei3iRCL"
console.warn: services.settings: Ignoring preference override of remote settings server
console.warn: services.settings: Allow by setting MOZ_REMOTE_SETTINGS_DEVTOOLS=1 in the environment
1698213425849	Marionette	INFO	Marionette enabled
Dynamically enable window occlusion 0
1698213426058	Marionette	INFO	Listening on port 63825
WebDriver BiDi listening on ws://127.0.0.1:45448
Read port: 63825
1698213426768	RemoteAgent	WARN	TLS certificate errors will be ignored for this session
DevTools listening on ws://127.0.0.1:45448/devtools/browser/55bd054c-0e97-4da2-97a2-df12cafddf4f
1698213435573	RemoteAgent	INFO	Perform WebSocket upgrade for incoming connection from 127.0.0.1:63901
1698213435580	CDP	WARN	Invalid browser preferences for CDP. Set "fission.webContentIsolationStrategy"to 0 and "fission.bfcacheInParent" to false before Firefox starts.
1698213435817	Marionette	INFO	Stopped listening on port 63825
Dynamically enable window occlusion 1
!!! error running onStopped callback: TypeError: callback is not a function
]]></system-err>
  </testcase>
  <testcase name="User cant register if email field is empty" classname="As a user I have to be able register on the website" time="11.406">
    <system-out><![CDATA[
@bla
Scenario: User cant register if email field is empty             &amp#27;[90m# src/test/resources/features/registration.feature:9&amp#27;[0m
  &amp#27;[32mGiven &amp#27;[0m&amp#27;[32muser at the &amp#27;[0m&amp#27;[32m&amp#27;[1m"Р РµРіРёСЃС‚СЂР°С†РёСЏ"&amp#27;[0m&amp#27;[32m page2&amp#27;[0m                          &amp#27;[90m# ru.drmteamdev.step_definition.RegistrationStepDef.user_at_the_page2(java.lang.String)&amp#27;[0m
  &amp#27;[32mWhen &amp#27;[0m&amp#27;[32muser click registration button without email and password&amp#27;[0m &amp#27;[90m# ru.drmteamdev.step_definition.RegistrationStepDef.user_click_registration_button_without_email_and_password()&amp#27;[0m
  &amp#27;[32mThen &amp#27;[0m&amp#27;[32muser should see warning &amp#27;[0m&amp#27;[32m&amp#27;[1m"Email РЅРµ РјРѕР¶РµС‚ Р±С‹С‚СЊ РїСѓСЃС‚С‹Рј"&amp#27;[0m      &amp#27;[90m# ru.drmteamdev.step_definition.RegistrationStepDef.user_should_see_warning(java.lang.String)&amp#27;[0m
]]></system-out>
    <system-err><![CDATA[1698213439226	geckodriver	INFO	Listening on 127.0.0.1:48736
1698213439724	mozrunner::runner	INFO	Running command: "C:\\Program Files\\Mozilla Firefox\\firefox.exe" "--marionette" "--remote-debugging-port" "33512" "--remote ... /localhost:33512/,http://[::1]:33512/" "-no-remote" "-profile" "C:\\Users\\USER\\AppData\\Local\\Temp\\rust_mozprofilezWopYK"
console.warn: services.settings: Ignoring preference override of remote settings server
console.warn: services.settings: Allow by setting MOZ_REMOTE_SETTINGS_DEVTOOLS=1 in the environment
1698213440489	Marionette	INFO	Marionette enabled
Dynamically enable window occlusion 0
1698213440706	Marionette	INFO	Listening on port 63917
WebDriver BiDi listening on ws://127.0.0.1:33512
Read port: 63917
1698213441128	RemoteAgent	WARN	TLS certificate errors will be ignored for this session
DevTools listening on ws://127.0.0.1:33512/devtools/browser/f2f8f8fd-1c80-4593-94f6-8eeae3caef3d
console.warn: LoginRecipes: "Falling back to a synchronous message for: https://drmteamdev.ru."
1698213447706	RemoteAgent	INFO	Perform WebSocket upgrade for incoming connection from 127.0.0.1:63965
1698213447711	CDP	WARN	Invalid browser preferences for CDP. Set "fission.webContentIsolationStrategy"to 0 and "fission.bfcacheInParent" to false before Firefox starts.
1698213447764	Marionette	INFO	Stopped listening on port 63917
Dynamically enable window occlusion 1
]]></system-err>
  </testcase>
  <testcase name="If user entered correct email and password he should be able to register" classname="As a user I have to be able register on the website" time="17.645">
    <system-out><![CDATA[
@bla
Scenario: If user entered correct email and password he should be able to register &amp#27;[90m# src/test/resources/features/registration.feature:15&amp#27;[0m
  &amp#27;[32mGiven &amp#27;[0m&amp#27;[32muser at the &amp#27;[0m&amp#27;[32m&amp#27;[1m"Р РµРіРёСЃС‚СЂР°С†РёСЏ"&amp#27;[0m&amp#27;[32m page2&amp#27;[0m                                            &amp#27;[90m# ru.drmteamdev.step_definition.RegistrationStepDef.user_at_the_page2(java.lang.String)&amp#27;[0m
  &amp#27;[32mWhen &amp#27;[0m&amp#27;[32muser enters e-mail&amp#27;[0m                                                          &amp#27;[90m# ru.drmteamdev.step_definition.RegistrationStepDef.user_enters_e_mail()&amp#27;[0m
  &amp#27;[32mAnd &amp#27;[0m&amp#27;[32mpassword and repeat password&amp#27;[0m                                                 &amp#27;[90m# ru.drmteamdev.step_definition.RegistrationStepDef.password_and_repeat_password()&amp#27;[0m
  &amp#27;[32mAnd &amp#27;[0m&amp#27;[32mclick &amp#27;[0m&amp#27;[32m&amp#27;[1m"Р—Р°СЂРµРіРёСЃС‚СЂРёСЂРѕРІР°С‚СЊСЃСЏ"&amp#27;[0m                                                   &amp#27;[90m# ru.drmteamdev.step_definition.RegistrationStepDef.click(java.lang.String)&amp#27;[0m
  &amp#27;[32mThen &amp#27;[0m&amp#27;[32muser should see &amp#27;[0m&amp#27;[32m&amp#27;[1m"User has been successfully created, check your email"&amp#27;[0m      &amp#27;[90m# ru.drmteamdev.step_definition.RegistrationStepDef.user_should_see(java.lang.String)&amp#27;[0m
]]></system-out>
    <system-err><![CDATA[1698213450590	geckodriver	INFO	Listening on 127.0.0.1:12615
1698213451090	mozrunner::runner	INFO	Running command: "C:\\Program Files\\Mozilla Firefox\\firefox.exe" "--marionette" "--remote-debugging-port" "31651" "--remote ... /localhost:31651/,http://[::1]:31651/" "-no-remote" "-profile" "C:\\Users\\USER\\AppData\\Local\\Temp\\rust_mozprofileF53xCQ"
console.warn: services.settings: Ignoring preference override of remote settings server
console.warn: services.settings: Allow by setting MOZ_REMOTE_SETTINGS_DEVTOOLS=1 in the environment
1698213452206	Marionette	INFO	Marionette enabled
Dynamically enable window occlusion 0
1698213452392	Marionette	INFO	Listening on port 63991
WebDriver BiDi listening on ws://127.0.0.1:31651
Read port: 63991
1698213453136	RemoteAgent	WARN	TLS certificate errors will be ignored for this session
DevTools listening on ws://127.0.0.1:31651/devtools/browser/b721e8e0-bef0-43a1-8056-787ec951c5ce
console.warn: LoginRecipes: "Falling back to a synchronous message for: https://drmteamdev.ru."
1698213466125	RemoteAgent	INFO	Perform WebSocket upgrade for incoming connection from 127.0.0.1:64083
1698213466131	CDP	WARN	Invalid browser preferences for CDP. Set "fission.webContentIsolationStrategy"to 0 and "fission.bfcacheInParent" to false before Firefox starts.
1698213466144	Marionette	INFO	Stopped listening on port 63991
Dynamically enable window occlusion 1
]]></system-err>
  </testcase>
  <testcase name="User can&apos;t register again with the same credentials" classname="As a user I have to be able register on the website" time="16.331">
    <system-out><![CDATA[
@bla
Scenario: User can't register again with the same credentials                      &amp#27;[90m# src/test/resources/features/registration.feature:23&amp#27;[0m
  &amp#27;[32mGiven &amp#27;[0m&amp#27;[32muser at the &amp#27;[0m&amp#27;[32m&amp#27;[1m"Р РµРіРёСЃС‚СЂР°С†РёСЏ"&amp#27;[0m&amp#27;[32m page2 trying to create with the same credentials&amp#27;[0m &amp#27;[90m# ru.drmteamdev.step_definition.RegistrationStepDef.user_at_the_page2_trying_to_create_with_the_same_credentials(java.lang.String)&amp#27;[0m
  &amp#27;[32mWhen &amp#27;[0m&amp#27;[32muser enters existing e-mail and password&amp#27;[0m                                    &amp#27;[90m# ru.drmteamdev.step_definition.RegistrationStepDef.user_enters_existing_e_mail_and_password()&amp#27;[0m
  &amp#27;[32mThen &amp#27;[0m&amp#27;[32muser should see alert &amp#27;[0m&amp#27;[32m&amp#27;[1m"User already exist"&amp#27;[0m&amp#27;[32m message&amp#27;[0m                          &amp#27;[90m# ru.drmteamdev.step_definition.RegistrationStepDef.user_should_see_alert_message(java.lang.String)&amp#27;[0m
]]></system-out>
    <system-err><![CDATA[1698213468262	geckodriver	INFO	Listening on 127.0.0.1:22490
1698213468859	mozrunner::runner	INFO	Running command: "C:\\Program Files\\Mozilla Firefox\\firefox.exe" "--marionette" "--remote-debugging-port" "10804" "--remote ... /localhost:10804/,http://[::1]:10804/" "-no-remote" "-profile" "C:\\Users\\USER\\AppData\\Local\\Temp\\rust_mozprofileR588cB"
console.warn: services.settings: Ignoring preference override of remote settings server
console.warn: services.settings: Allow by setting MOZ_REMOTE_SETTINGS_DEVTOOLS=1 in the environment
1698213469925	Marionette	INFO	Marionette enabled
Dynamically enable window occlusion 0
1698213470064	Marionette	INFO	Listening on port 64104
Read port: 64104
WebDriver BiDi listening on ws://127.0.0.1:10804
1698213470250	RemoteAgent	WARN	TLS certificate errors will be ignored for this session
DevTools listening on ws://127.0.0.1:10804/devtools/browser/fc66fe82-a923-4383-b12f-f1bb02721fe2
console.warn: LoginRecipes: "Falling back to a synchronous message for: https://drmteamdev.ru."
console.warn: LoginRecipes: "Falling back to a synchronous message for: https://drmteamdev.ru."
1698213481924	RemoteAgent	INFO	Perform WebSocket upgrade for incoming connection from 127.0.0.1:64197
1698213481930	CDP	WARN	Invalid browser preferences for CDP. Set "fission.webContentIsolationStrategy"to 0 and "fission.bfcacheInParent" to false before Firefox starts.
1698213481936	Marionette	INFO	Stopped listening on port 64104
Dynamically enable window occlusion 1
]]></system-err>
  </testcase>
  <testcase name="User can&apos;t register with incorrect email #1" classname="As a user I have to be able register on the website" time="8.824">
    <system-out><![CDATA[
@bla
Scenario Outline: User can't register with incorrect email &amp#27;[90m# src/test/resources/features/registration.feature:37&amp#27;[0m
  &amp#27;[32mGiven &amp#27;[0m&amp#27;[32muser at the Р РµРіРёСЃС‚СЂР°С†РёСЏ page&amp#27;[0m                       &amp#27;[90m# ru.drmteamdev.step_definition.RegistrationStepDef.userAtTheР РµРіРёСЃС‚СЂР°С†РёСЏPage()&amp#27;[0m
  &amp#27;[32mWhen &amp#27;[0m&amp#27;[32muser enters &amp#27;[0m&amp#27;[32m&amp#27;[1m"aaa.yandex.ru"&amp#27;[0m&amp#27;[32m and &amp#27;[0m&amp#27;[32m&amp#27;[1m"12345372"&amp#27;[0m          &amp#27;[90m# ru.drmteamdev.step_definition.RegistrationStepDef.userEntersAnd(java.lang.String,java.lang.String)&amp#27;[0m
  &amp#27;[32mThen &amp#27;[0m&amp#27;[32muser should see warning&amp#27;[0m                             &amp#27;[90m# ru.drmteamdev.step_definition.RegistrationStepDef.userShouldSeeWarning()&amp#27;[0m
]]></system-out>
    <system-err><![CDATA[1698213484686	geckodriver	INFO	Listening on 127.0.0.1:23087
1698213485155	mozrunner::runner	INFO	Running command: "C:\\Program Files\\Mozilla Firefox\\firefox.exe" "--marionette" "--remote-debugging-port" "33028" "--remote ... /localhost:33028/,http://[::1]:33028/" "-no-remote" "-profile" "C:\\Users\\USER\\AppData\\Local\\Temp\\rust_mozprofileh0aq28"
console.warn: services.settings: Ignoring preference override of remote settings server
console.warn: services.settings: Allow by setting MOZ_REMOTE_SETTINGS_DEVTOOLS=1 in the environment
1698213485985	Marionette	INFO	Marionette enabled
Dynamically enable window occlusion 0
1698213486105	Marionette	INFO	Listening on port 64213
WebDriver BiDi listening on ws://127.0.0.1:33028
Read port: 64213
1698213486508	RemoteAgent	WARN	TLS certificate errors will be ignored for this session
DevTools listening on ws://127.0.0.1:33028/devtools/browser/b7343cc0-47df-46f2-a3f5-1909b9d10b24
1698213491702	RemoteAgent	INFO	Perform WebSocket upgrade for incoming connection from 127.0.0.1:64258
1698213491706	CDP	WARN	Invalid browser preferences for CDP. Set "fission.webContentIsolationStrategy"to 0 and "fission.bfcacheInParent" to false before Firefox starts.
1698213491715	Marionette	INFO	Stopped listening on port 64213
Dynamically enable window occlusion 1
]]></system-err>
  </testcase>
  <testcase name="User can&apos;t register with incorrect email #2" classname="As a user I have to be able register on the website" time="8.021">
    <system-out><![CDATA[
@bla
Scenario Outline: User can't register with incorrect email &amp#27;[90m# src/test/resources/features/registration.feature:38&amp#27;[0m
  &amp#27;[32mGiven &amp#27;[0m&amp#27;[32muser at the Р РµРіРёСЃС‚СЂР°С†РёСЏ page&amp#27;[0m                       &amp#27;[90m# ru.drmteamdev.step_definition.RegistrationStepDef.userAtTheР РµРіРёСЃС‚СЂР°С†РёСЏPage()&amp#27;[0m
  &amp#27;[32mWhen &amp#27;[0m&amp#27;[32muser enters &amp#27;[0m&amp#27;[32m&amp#27;[1m".@yandex.ru"&amp#27;[0m&amp#27;[32m and &amp#27;[0m&amp#27;[32m&amp#27;[1m"12976567"&amp#27;[0m            &amp#27;[90m# ru.drmteamdev.step_definition.RegistrationStepDef.userEntersAnd(java.lang.String,java.lang.String)&amp#27;[0m
  &amp#27;[32mThen &amp#27;[0m&amp#27;[32muser should see warning&amp#27;[0m                             &amp#27;[90m# ru.drmteamdev.step_definition.RegistrationStepDef.userShouldSeeWarning()&amp#27;[0m
]]></system-out>
    <system-err><![CDATA[1698213493430	geckodriver	INFO	Listening on 127.0.0.1:23084
1698213493922	mozrunner::runner	INFO	Running command: "C:\\Program Files\\Mozilla Firefox\\firefox.exe" "--marionette" "--remote-debugging-port" "4455" "--remote- ... ://localhost:4455/,http://[::1]:4455/" "-no-remote" "-profile" "C:\\Users\\USER\\AppData\\Local\\Temp\\rust_mozprofiletbIoad"
console.warn: services.settings: Ignoring preference override of remote settings server
console.warn: services.settings: Allow by setting MOZ_REMOTE_SETTINGS_DEVTOOLS=1 in the environment
1698213494611	Marionette	INFO	Marionette enabled
Dynamically enable window occlusion 0
1698213494706	Marionette	INFO	Listening on port 64270
Read port: 64270
WebDriver BiDi listening on ws://127.0.0.1:4455
1698213494834	RemoteAgent	WARN	TLS certificate errors will be ignored for this session
DevTools listening on ws://127.0.0.1:4455/devtools/browser/aa974964-3b49-4b09-abba-e91c54398332
1698213499812	RemoteAgent	INFO	Perform WebSocket upgrade for incoming connection from 127.0.0.1:64308
1698213499816	CDP	WARN	Invalid browser preferences for CDP. Set "fission.webContentIsolationStrategy"to 0 and "fission.bfcacheInParent" to false before Firefox starts.
1698213499834	Marionette	INFO	Stopped listening on port 64270
Dynamically enable window occlusion 1
]]></system-err>
  </testcase>
  <testcase name="User can&apos;t register with incorrect email #3" classname="As a user I have to be able register on the website" time="7.521">
    <system-out><![CDATA[
@bla
Scenario Outline: User can't register with incorrect email &amp#27;[90m# src/test/resources/features/registration.feature:39&amp#27;[0m
  &amp#27;[32mGiven &amp#27;[0m&amp#27;[32muser at the Р РµРіРёСЃС‚СЂР°С†РёСЏ page&amp#27;[0m                       &amp#27;[90m# ru.drmteamdev.step_definition.RegistrationStepDef.userAtTheР РµРіРёСЃС‚СЂР°С†РёСЏPage()&amp#27;[0m
  &amp#27;[32mWhen &amp#27;[0m&amp#27;[32muser enters &amp#27;[0m&amp#27;[32m&amp#27;[1m"aaaa@.ru"&amp#27;[0m&amp#27;[32m and &amp#27;[0m&amp#27;[32m&amp#27;[1m"12256784"&amp#27;[0m               &amp#27;[90m# ru.drmteamdev.step_definition.RegistrationStepDef.userEntersAnd(java.lang.String,java.lang.String)&amp#27;[0m
  &amp#27;[32mThen &amp#27;[0m&amp#27;[32muser should see warning&amp#27;[0m                             &amp#27;[90m# ru.drmteamdev.step_definition.RegistrationStepDef.userShouldSeeWarning()&amp#27;[0m
]]></system-out>
    <system-err><![CDATA[1698213501362	geckodriver	INFO	Listening on 127.0.0.1:5277
1698213501385	mozrunner::runner	INFO	Running command: "C:\\Program Files\\Mozilla Firefox\\firefox.exe" "--marionette" "--remote-debugging-port" "36661" "--remote ... /localhost:36661/,http://[::1]:36661/" "-no-remote" "-profile" "C:\\Users\\USER\\AppData\\Local\\Temp\\rust_mozprofilediw5TI"
console.warn: services.settings: Ignoring preference override of remote settings server
console.warn: services.settings: Allow by setting MOZ_REMOTE_SETTINGS_DEVTOOLS=1 in the environment
1698213501981	Marionette	INFO	Marionette enabled
Dynamically enable window occlusion 0
1698213502090	Marionette	INFO	Listening on port 64325
WebDriver BiDi listening on ws://127.0.0.1:36661
Read port: 64325
1698213502541	RemoteAgent	WARN	TLS certificate errors will be ignored for this session
DevTools listening on ws://127.0.0.1:36661/devtools/browser/ea5ddafc-f96c-4bd0-a9fc-ea620e8a94d5
1698213507530	RemoteAgent	INFO	Perform WebSocket upgrade for incoming connection from 127.0.0.1:64363
1698213507535	CDP	WARN	Invalid browser preferences for CDP. Set "fission.webContentIsolationStrategy"to 0 and "fission.bfcacheInParent" to false before Firefox starts.
1698213507541	Marionette	INFO	Stopped listening on port 64325
Dynamically enable window occlusion 1
]]></system-err>
  </testcase>
  <testcase name="User can&apos;t register with incorrect email #4" classname="As a user I have to be able register on the website" time="7.765">
    <system-out><![CDATA[
@bla
Scenario Outline: User can't register with incorrect email &amp#27;[90m# src/test/resources/features/registration.feature:40&amp#27;[0m
  &amp#27;[32mGiven &amp#27;[0m&amp#27;[32muser at the Р РµРіРёСЃС‚СЂР°С†РёСЏ page&amp#27;[0m                       &amp#27;[90m# ru.drmteamdev.step_definition.RegistrationStepDef.userAtTheР РµРіРёСЃС‚СЂР°С†РёСЏPage()&amp#27;[0m
  &amp#27;[32mWhen &amp#27;[0m&amp#27;[32muser enters &amp#27;[0m&amp#27;[32m&amp#27;[1m"РєРёСЂРёР»РёС†Р°@yandex.ru"&amp#27;[0m&amp#27;[32m and &amp#27;[0m&amp#27;[32m&amp#27;[1m"123452464"&amp#27;[0m    &amp#27;[90m# ru.drmteamdev.step_definition.RegistrationStepDef.userEntersAnd(java.lang.String,java.lang.String)&amp#27;[0m
  &amp#27;[32mThen &amp#27;[0m&amp#27;[32muser should see warning&amp#27;[0m                             &amp#27;[90m# ru.drmteamdev.step_definition.RegistrationStepDef.userShouldSeeWarning()&amp#27;[0m
]]></system-out>
    <system-err><![CDATA[1698213508882	geckodriver	INFO	Listening on 127.0.0.1:48280
1698213508905	mozrunner::runner	INFO	Running command: "C:\\Program Files\\Mozilla Firefox\\firefox.exe" "--marionette" "--remote-debugging-port" "47677" "--remote ... /localhost:47677/,http://[::1]:47677/" "-no-remote" "-profile" "C:\\Users\\USER\\AppData\\Local\\Temp\\rust_mozprofileh9nsRO"
console.warn: services.settings: Ignoring preference override of remote settings server
console.warn: services.settings: Allow by setting MOZ_REMOTE_SETTINGS_DEVTOOLS=1 in the environment
1698213509448	Marionette	INFO	Marionette enabled
Dynamically enable window occlusion 0
1698213509568	Marionette	INFO	Listening on port 64375
WebDriver BiDi listening on ws://127.0.0.1:47677
Read port: 64375
1698213509972	RemoteAgent	WARN	TLS certificate errors will be ignored for this session
DevTools listening on ws://127.0.0.1:47677/devtools/browser/14af0a2c-f873-49b4-a6c4-4fda82c954d1
1698213514604	RemoteAgent	INFO	Perform WebSocket upgrade for incoming connection from 127.0.0.1:64416
1698213514608	CDP	WARN	Invalid browser preferences for CDP. Set "fission.webContentIsolationStrategy"to 0 and "fission.bfcacheInParent" to false before Firefox starts.
1698213514619	Marionette	INFO	Stopped listening on port 64375
Dynamically enable window occlusion 1
]]></system-err>
  </testcase>
  <testcase name="User can&apos;t register with incorrect email #5" classname="As a user I have to be able register on the website" time="8.015">
    <system-out><![CDATA[
@bla
Scenario Outline: User can't register with incorrect email &amp#27;[90m# src/test/resources/features/registration.feature:41&amp#27;[0m
  &amp#27;[32mGiven &amp#27;[0m&amp#27;[32muser at the Р РµРіРёСЃС‚СЂР°С†РёСЏ page&amp#27;[0m                       &amp#27;[90m# ru.drmteamdev.step_definition.RegistrationStepDef.userAtTheР РµРіРёСЃС‚СЂР°С†РёСЏPage()&amp#27;[0m
  &amp#27;[32mWhen &amp#27;[0m&amp#27;[32muser enters &amp#27;[0m&amp#27;[32m&amp#27;[1m"bbb@.ru"&amp#27;[0m&amp#27;[32m and &amp#27;[0m&amp#27;[32m&amp#27;[1m"123454562"&amp#27;[0m               &amp#27;[90m# ru.drmteamdev.step_definition.RegistrationStepDef.userEntersAnd(java.lang.String,java.lang.String)&amp#27;[0m
  &amp#27;[32mThen &amp#27;[0m&amp#27;[32muser should see warning&amp#27;[0m                             &amp#27;[90m# ru.drmteamdev.step_definition.RegistrationStepDef.userShouldSeeWarning()&amp#27;[0m
]]></system-out>
    <system-err><![CDATA[1698213516667	geckodriver	INFO	Listening on 127.0.0.1:3181
1698213516689	mozrunner::runner	INFO	Running command: "C:\\Program Files\\Mozilla Firefox\\firefox.exe" "--marionette" "--remote-debugging-port" "27035" "--remote ... /localhost:27035/,http://[::1]:27035/" "-no-remote" "-profile" "C:\\Users\\USER\\AppData\\Local\\Temp\\rust_mozprofileeuSeUI"
console.warn: services.settings: Ignoring preference override of remote settings server
console.warn: services.settings: Allow by setting MOZ_REMOTE_SETTINGS_DEVTOOLS=1 in the environment
1698213517288	Marionette	INFO	Marionette enabled
Dynamically enable window occlusion 0
1698213517399	Marionette	INFO	Listening on port 64430
WebDriver BiDi listening on ws://127.0.0.1:27035
Read port: 64430
1698213517785	RemoteAgent	WARN	TLS certificate errors will be ignored for this session
DevTools listening on ws://127.0.0.1:27035/devtools/browser/9c815ffc-9950-43be-ae3d-b54bdde41a4f
1698213522297	RemoteAgent	INFO	Perform WebSocket upgrade for incoming connection from 127.0.0.1:64470
1698213522301	CDP	WARN	Invalid browser preferences for CDP. Set "fission.webContentIsolationStrategy"to 0 and "fission.bfcacheInParent" to false before Firefox starts.
1698213522306	Marionette	INFO	Stopped listening on port 64430
Dynamically enable window occlusion 1
!!! error running onStopped callback: TypeError: callback is not a function
]]></system-err>
  </testcase>
  <testcase name="user can&apos;t register if enters correct email and password more than 50 characters" classname="As a user I have to be able register on the website" time="25.444">
    <error message="Expected condition failed: waiting for visibility of Proxy element for: DefaultElementLocator &apos;By.xpath: //div[contains(.,&apos;Регистрация&apos;)][@class=&apos;register-form-title&apos;]&apos; (tried for 5 second(s) with 500 milliseconds interval)" type="org.openqa.selenium.TimeoutException"><![CDATA[org.openqa.selenium.TimeoutException: Expected condition failed: waiting for visibility of Proxy element for: DefaultElementLocator 'By.xpath: //div[contains(.,'Регистрация')][@class='register-form-title']' (tried for 5 second(s) with 500 milliseconds interval)
Caused by: org.openqa.selenium.NoSuchElementException: 
Unable to locate element: //div[contains(.,'Регистрация')][@class='register-form-title']
For documentation on this error, please visit: https://selenium.dev/exceptions/#no_such_element
Build info: version: '4.8.1', revision: '8ebccac989'
System info: os.name: 'Windows 10', os.arch: 'amd64', os.version: '10.0', java.version: '1.8.0_231'
Driver info: org.openqa.selenium.firefox.FirefoxDriver
Command: [5d12f997-f111-4b75-abd9-a4cf9ee6f22a, findElement {using=xpath, value=//div[contains(.,'Регистрация')][@class='register-form-title']}]
Capabilities {acceptInsecureCerts: true, browserName: firefox, browserVersion: 118.0.2, moz:accessibilityChecks: false, moz:buildID: 20231009140911, moz:debuggerAddress: 127.0.0.1:2065, moz:geckodriverVersion: 0.33.0, moz:headless: false, moz:platformVersion: 10.0, moz:processID: 14112, moz:profile: C:\Users\USER\AppData\Local..., moz:shutdownTimeout: 60000, moz:webdriverClick: true, moz:windowless: false, pageLoadStrategy: normal, platformName: WINDOWS, proxy: Proxy(), se:cdp: ws://127.0.0.1:2065/devtool..., se:cdpVersion: 85.0, setWindowRect: true, strictFileInteractability: false, timeouts: {implicit: 0, pageLoad: 300000, script: 30000}, unhandledPromptBehavior: dismiss and notify}
Session ID: 5d12f997-f111-4b75-abd9-a4cf9ee6f22a
]]></error>
    <system-out><![CDATA[
@bla
Scenario: user can't register if enters correct email and password more than 50 characters &amp#27;[90m# src/test/resources/features/registration.feature:44&amp#27;[0m
  &amp#27;[32mGiven &amp#27;[0m&amp#27;[32muser at the &amp#27;[0m&amp#27;[32m&amp#27;[1m"Р РµРіРёСЃС‚СЂР°С†РёСЏ"&amp#27;[0m&amp#27;[32m page2&amp#27;[0m                                                    &amp#27;[90m# ru.drmteamdev.step_definition.RegistrationStepDef.user_at_the_page2(java.lang.String)&amp#27;[0m
  &amp#27;[32mWhen &amp#27;[0m&amp#27;[32muser enters e-mail&amp#27;[0m                                                                  &amp#27;[90m# ru.drmteamdev.step_definition.RegistrationStepDef.user_enters_e_mail()&amp#27;[0m
  &amp#27;[32mAnd &amp#27;[0m&amp#27;[32m&amp#27;[0m&amp#27;[32m&amp#27;[1m1000&amp#27;[0m&amp#27;[32m char. password and repeat password&amp#27;[0m                                              &amp#27;[90m# ru.drmteamdev.step_definition.RegistrationStepDef.charPasswordAndRepeatPassword(int)&amp#27;[0m
  &amp#27;[32mAnd &amp#27;[0m&amp#27;[32mclick &amp#27;[0m&amp#27;[32m&amp#27;[1m"Р—Р°СЂРµРіРёСЃС‚СЂРёСЂРѕРІР°С‚СЊСЃСЏ"&amp#27;[0m                                                           &amp#27;[90m# ru.drmteamdev.step_definition.RegistrationStepDef.click(java.lang.String)&amp#27;[0m
  &amp#27;[31mThen &amp#27;[0m&amp#27;[31muser should see registration page&amp#27;[0m                                                   &amp#27;[90m# ru.drmteamdev.step_definition.RegistrationStepDef.userShouldSeeRegistrationPage()&amp#27;[0m
      &amp#27;[31morg.openqa.selenium.TimeoutException: Expected condition failed: waiting for visibility of Proxy element for: DefaultElementLocator 'By.xpath: //div[contains(.,'Р РµРіРёСЃС‚СЂР°С†РёСЏ')][@class='register-form-title']' (tried for 5 second(s) with 500 milliseconds interval)
	at org.openqa.selenium.support.ui.WebDriverWait.timeoutException(WebDriverWait.java:87)
	at org.openqa.selenium.support.ui.FluentWait.until(FluentWait.java:231)
	at ru.drmteamdev.step_definition.RegistrationStepDef.userShouldSeeRegistrationPage(RegistrationStepDef.java:172)
	at вњЅ.user should see registration page(file:///C:/Users/USER/WORKSPACE/drmteamdev-Project/src/test/resources/features/registration.feature:49)
Caused by: org.openqa.selenium.NoSuchElementException: Unable to locate element: //div[contains(.,'Р РµРіРёСЃС‚СЂР°С†РёСЏ')][@class='register-form-title']
For documentation on this error, please visit: https://selenium.dev/exceptions/#no_such_element
Build info: version: '4.8.1', revision: '8ebccac989'
System info: os.name: 'Windows 10', os.arch: 'amd64', os.version: '10.0', java.version: '1.8.0_231'
Driver info: org.openqa.selenium.firefox.FirefoxDriver
Command: [5d12f997-f111-4b75-abd9-a4cf9ee6f22a, findElement {using=xpath, value=//div[contains(.,'Р РµРіРёСЃС‚СЂР°С†РёСЏ')][@class='register-form-title']}]
Capabilities {acceptInsecureCerts: true, browserName: firefox, browserVersion: 118.0.2, moz:accessibilityChecks: false, moz:buildID: 20231009140911, moz:debuggerAddress: 127.0.0.1:2065, moz:geckodriverVersion: 0.33.0, moz:headless: false, moz:platformVersion: 10.0, moz:processID: 14112, moz:profile: C:\Users\USER\AppData\Local..., moz:shutdownTimeout: 60000, moz:webdriverClick: true, moz:windowless: false, pageLoadStrategy: normal, platformName: WINDOWS, proxy: Proxy(), se:cdp: ws://127.0.0.1:2065/devtool..., se:cdpVersion: 85.0, setWindowRect: true, strictFileInteractability: false, timeouts: {implicit: 0, pageLoad: 300000, script: 30000}, unhandledPromptBehavior: dismiss and notify}
Session ID: 5d12f997-f111-4b75-abd9-a4cf9ee6f22a
	at sun.reflect.NativeConstructorAccessorImpl.newInstance0(Native Method)
	at sun.reflect.NativeConstructorAccessorImpl.newInstance(NativeConstructorAccessorImpl.java:62)
	at sun.reflect.DelegatingConstructorAccessorImpl.newInstance(DelegatingConstructorAccessorImpl.java:45)
	at java.lang.reflect.Constructor.newInstance(Constructor.java:423)
	at org.openqa.selenium.remote.codec.w3c.W3CHttpResponseCodec.createException(W3CHttpResponseCodec.java:200)
	at org.openqa.selenium.remote.codec.w3c.W3CHttpResponseCodec.decode(W3CHttpResponseCodec.java:133)
	at org.openqa.selenium.remote.codec.w3c.W3CHttpResponseCodec.decode(W3CHttpResponseCodec.java:53)
	at org.openqa.selenium.remote.HttpCommandExecutor.execute(HttpCommandExecutor.java:184)
	at org.openqa.selenium.remote.service.DriverCommandExecutor.invokeExecute(DriverCommandExecutor.java:167)
	at org.openqa.selenium.remote.service.DriverCommandExecutor.execute(DriverCommandExecutor.java:142)
	at org.openqa.selenium.remote.RemoteWebDriver.execute(RemoteWebDriver.java:543)
	at org.openqa.selenium.remote.ElementLocation$ElementFinder$2.findElement(ElementLocation.java:162)
	at org.openqa.selenium.remote.ElementLocation.findElement(ElementLocation.java:60)
	at org.openqa.selenium.remote.RemoteWebDriver.findElement(RemoteWebDriver.java:352)
	at org.openqa.selenium.remote.RemoteWebDriver.findElement(RemoteWebDriver.java:344)
	at org.openqa.selenium.support.pagefactory.DefaultElementLocator.findElement(DefaultElementLocator.java:70)
	at org.openqa.selenium.support.pagefactory.internal.LocatingElementHandler.invoke(LocatingElementHandler.java:39)
	at com.sun.proxy.$Proxy22.isDisplayed(Unknown Source)
	at org.openqa.selenium.support.ui.ExpectedConditions.elementIfVisible(ExpectedConditions.java:307)
	at org.openqa.selenium.support.ui.ExpectedConditions.access$000(ExpectedConditions.java:40)
	at org.openqa.selenium.support.ui.ExpectedConditions$10.apply(ExpectedConditions.java:293)
	at org.openqa.selenium.support.ui.ExpectedConditions$10.apply(ExpectedConditions.java:290)
	at org.openqa.selenium.support.ui.FluentWait.until(FluentWait.java:208)
	at ru.drmteamdev.step_definition.RegistrationStepDef.userShouldSeeRegistrationPage(RegistrationStepDef.java:172)
	at sun.reflect.NativeMethodAccessorImpl.invoke0(Native Method)
	at sun.reflect.NativeMethodAccessorImpl.invoke(NativeMethodAccessorImpl.java:62)
	at sun.reflect.DelegatingMethodAccessorImpl.invoke(DelegatingMethodAccessorImpl.java:43)
	at java.lang.reflect.Method.invoke(Method.java:498)
	at io.cucumber.java.Invoker.doInvoke(Invoker.java:66)
	at io.cucumber.java.Invoker.invoke(Invoker.java:24)
	at io.cucumber.java.AbstractGlueDefinition.invokeMethod(AbstractGlueDefinition.java:47)
	at io.cucumber.java.JavaStepDefinition.execute(JavaStepDefinition.java:29)
	at io.cucumber.core.runner.CoreStepDefinition.execute(CoreStepDefinition.java:66)
	at io.cucumber.core.runner.PickleStepDefinitionMatch.runStep(PickleStepDefinitionMatch.java:63)
	at io.cucumber.core.runner.ExecutionMode$1.execute(ExecutionMode.java:10)
	at io.cucumber.core.runner.TestStep.executeStep(TestStep.java:84)
	at io.cucumber.core.runner.TestStep.run(TestStep.java:56)
	at io.cucumber.core.runner.PickleStepTestStep.run(PickleStepTestStep.java:51)
	at io.cucumber.core.runner.TestCase.run(TestCase.java:84)
	at io.cucumber.core.runner.Runner.runPickle(Runner.java:75)
	at io.cucumber.junit.PickleRunners$NoStepDescriptions.lambda$run$0(PickleRunners.java:151)
	at io.cucumber.core.runtime.CucumberExecutionContext.lambda$runTestCase$5(CucumberExecutionContext.java:130)
	at io.cucumber.core.runtime.RethrowingThrowableCollector.executeAndThrow(RethrowingThrowableCollector.java:23)
	at io.cucumber.core.runtime.CucumberExecutionContext.runTestCase(CucumberExecutionContext.java:130)
	at io.cucumber.junit.PickleRunners$NoStepDescriptions.run(PickleRunners.java:148)
	at io.cucumber.junit.FeatureRunner.runChild(FeatureRunner.java:144)
	at io.cucumber.junit.FeatureRunner.runChild(FeatureRunner.java:28)
	at org.junit.runners.ParentRunner$4.run(ParentRunner.java:331)
	at org.junit.runners.ParentRunner$1.schedule(ParentRunner.java:79)
	at org.junit.runners.ParentRunner.runChildren(ParentRunner.java:329)
	at org.junit.runners.ParentRunner.access$100(ParentRunner.java:66)
	at org.junit.runners.ParentRunner$2.evaluate(ParentRunner.java:293)
	at org.junit.runners.ParentRunner$3.evaluate(ParentRunner.java:306)
	at org.junit.runners.ParentRunner.run(ParentRunner.java:413)
	at io.cucumber.junit.FeatureRunner.run(FeatureRunner.java:137)
	at io.cucumber.junit.Cucumber.runChild(Cucumber.java:196)
	at io.cucumber.junit.Cucumber.runChild(Cucumber.java:89)
	at org.junit.runners.ParentRunner$4.run(ParentRunner.java:331)
	at org.apache.maven.surefire.junitcore.pc.Scheduler$1.run(Scheduler.java:405)
	at java.util.concurrent.Executors$RunnableAdapter.call(Executors.java:511)
	at java.util.concurrent.FutureTask.run(FutureTask.java:266)
	at java.util.concurrent.ThreadPoolExecutor.runWorker(ThreadPoolExecutor.java:1149)
	at java.util.concurrent.ThreadPoolExecutor$Worker.run(ThreadPoolExecutor.java:624)
	at java.lang.Thread.run(Thread.java:748)
&amp#27;[0m

    Embedding Attached img [image/png 50940 bytes]

]]></system-out>
    <system-err><![CDATA[1698213524689	geckodriver	INFO	Listening on 127.0.0.1:43040
1698213525197	mozrunner::runner	INFO	Running command: "C:\\Program Files\\Mozilla Firefox\\firefox.exe" "--marionette" "--remote-debugging-port" "2065" "--remote- ... ://localhost:2065/,http://[::1]:2065/" "-no-remote" "-profile" "C:\\Users\\USER\\AppData\\Local\\Temp\\rust_mozprofileW1ohrt"
console.warn: services.settings: Ignoring preference override of remote settings server
console.warn: services.settings: Allow by setting MOZ_REMOTE_SETTINGS_DEVTOOLS=1 in the environment
1698213525809	Marionette	INFO	Marionette enabled
Dynamically enable window occlusion 0
1698213525925	Marionette	INFO	Listening on port 64489
Read port: 64489
WebDriver BiDi listening on ws://127.0.0.1:2065
1698213526103	RemoteAgent	WARN	TLS certificate errors will be ignored for this session
DevTools listening on ws://127.0.0.1:2065/devtools/browser/fbaf771a-1029-4eda-8c22-5c78264b67ec
console.warn: LoginRecipes: "Falling back to a synchronous message for: https://drmteamdev.ru."
1698213548396	RemoteAgent	INFO	Perform WebSocket upgrade for incoming connection from 127.0.0.1:64616
1698213548400	CDP	WARN	Invalid browser preferences for CDP. Set "fission.webContentIsolationStrategy"to 0 and "fission.bfcacheInParent" to false before Firefox starts.
1698213548409	Marionette	INFO	Stopped listening on port 64489
Dynamically enable window occlusion 1
]]></system-err>
  </testcase>
</testsuite>