<?xml version="1.0" encoding="UTF-8"?>
<testsuite xmlns:xsi="http://www.w3.org/2001/XMLSchema-instance" xsi:noNamespaceSchemaLocation="https://maven.apache.org/surefire/maven-surefire-plugin/xsd/surefire-test-report-3.0.xsd" version="3.0" name="User with the wrong credentials should not be able" time="30.608" tests="22" errors="1" skipped="0" failures="0">
  <properties>
[...]
</properties>
  <testcase name="User login fail" classname="User with the wrong credentials should not be able" time="17.095">
    <system-out><![CDATA[
@smoke
Scenario: User login fail               &amp#27;[90m# src/test/resources/features/login.feature:6&amp#27;[0m
  &amp#27;[32mGiven &amp#27;[0m&amp#27;[32muser on the main page&amp#27;[0m           &amp#27;[90m# ru.drmteamdev.step_definition.LoginStepDef.user_on_the_main_page()&amp#27;[0m
  &amp#27;[32mWhen &amp#27;[0m&amp#27;[32muser enters not registered email&amp#27;[0m &amp#27;[90m# ru.drmteamdev.step_definition.LoginStepDef.user_enters_not_registered_email()&amp#27;[0m
  &amp#27;[32mThen &amp#27;[0m&amp#27;[32muser should not be able to login&amp#27;[0m &amp#27;[90m# ru.drmteamdev.step_definition.LoginStepDef.user_should_not_be_able_to_login()&amp#27;[0m
]]></system-out>
    <system-err><![CDATA[Starting ChromeDriver 118.0.5993.70 (e52f33f30b91b4ddfad649acddc39ab570473b86-refs/branch-heads/5993@{#1216}) on port 8761
Only local connections are allowed.
Please see https://chromedriver.chromium.org/security-considerations for suggestions on keeping ChromeDriver safe.
ChromeDriver was started successfully.
Nov 01, 2023 11:23:35 AM org.openqa.selenium.devtools.CdpVersionFinder findNearestMatch
WARNING: Unable to find CDP implementation matching 118
Nov 01, 2023 11:23:35 AM org.openqa.selenium.devtools.CdpVersionFinder findNearestMatch
WARNING: Unable to find CDP implementation matching 118
Nov 01, 2023 11:23:35 AM org.openqa.selenium.devtools.CdpVersionFinder findNearestMatch
WARNING: Unable to find CDP implementation matching 118
Nov 01, 2023 11:23:35 AM org.openqa.selenium.chromium.ChromiumDriver lambda$new$3
WARNING: Unable to find version of CDP to use for . You may need to include a dependency on a specific version of the CDP using something similar to `org.seleniumhq.selenium:selenium-devtools-v86:4.8.1` where the version ("v86") matches the version of the chromium-based browser you're using and the version number of the artifact is the same as Selenium's.
]]></system-err>
  </testcase>
  <testcase name="User login fail without password" classname="User with the wrong credentials should not be able" time="0.418">
    <system-out><![CDATA[
@smoke
Scenario: User login fail without password         &amp#27;[90m# src/test/resources/features/login.feature:11&amp#27;[0m
  &amp#27;[32mGiven &amp#27;[0m&amp#27;[32muser on the main page&amp#27;[0m                      &amp#27;[90m# ru.drmteamdev.step_definition.LoginStepDef.user_on_the_main_page()&amp#27;[0m
  &amp#27;[32mWhen &amp#27;[0m&amp#27;[32muser enters just unregistered email&amp#27;[0m         &amp#27;[90m# ru.drmteamdev.step_definition.LoginStepDef.user_enters_just_unregistered_email()&amp#27;[0m
  &amp#27;[32mThen &amp#27;[0m&amp#27;[32muser will see &amp#27;[0m&amp#27;[32m&amp#27;[1m"РџР°СЂРѕР»СЊ РЅРµ РјРѕР¶РµС‚ Р±С‹С‚СЊ РїСѓСЃС‚С‹Рј"&amp#27;[0m &amp#27;[90m# ru.drmteamdev.step_definition.LoginStepDef.userWillSee(java.lang.String)&amp#27;[0m
]]></system-out>
  </testcase>
  <testcase name="User as a volunteer should be able to login with the correct credentials" classname="User with the wrong credentials should not be able" time="1.16">
    <system-out><![CDATA[
@smoke
Scenario: User as a volunteer should be able to login with the correct credentials &amp#27;[90m# src/test/resources/features/login.feature:16&amp#27;[0m
  &amp#27;[32mGiven &amp#27;[0m&amp#27;[32muser on the login page&amp#27;[0m                                                     &amp#27;[90m# ru.drmteamdev.step_definition.LoginStepDef.user_on_the_login_page()&amp#27;[0m
  &amp#27;[32mWhen &amp#27;[0m&amp#27;[32muser enters confirmed email and valid password&amp#27;[0m                              &amp#27;[90m# ru.drmteamdev.step_definition.LoginStepDef.user_enters_confirmed_email_and_valid_password()&amp#27;[0m
  &amp#27;[32mThen &amp#27;[0m&amp#27;[32muser should see Task Page&amp#27;[0m                                                   &amp#27;[90m# ru.drmteamdev.step_definition.LoginStepDef.user_should_see_task_page()&amp#27;[0m
]]></system-out>
  </testcase>
  <testcase name="User as a volunteer have to be able to logout" classname="User with the wrong credentials should not be able" time="0.252">
    <error message="no such element: Unable to locate element: {&quot;method&quot;:&quot;xpath&quot;,&quot;selector&quot;:&quot;//input[@type=&apos;password&apos;]&quot;}&#10;  (Session info: chrome=118.0.5993.118)&#10;For documentation on this error, please visit: https://selenium.dev/exceptions/#no_such_element&#10;Build info: version: &apos;4.8.1&apos;, revision: &apos;8ebccac989&apos;&#10;System info: os.name: &apos;Windows 10&apos;, os.arch: &apos;amd64&apos;, os.version: &apos;10.0&apos;, java.version: &apos;1.8.0_231&apos;&#10;Driver info: org.openqa.selenium.chrome.ChromeDriver&#10;Command: [2f0bd1973ebebc87a3ed861a77a5cdf2, findElement {using=xpath, value=//input[@type=&apos;password&apos;]}]&#10;Capabilities {acceptInsecureCerts: false, browserName: chrome, browserVersion: 118.0.5993.118, chrome: {chromedriverVersion: 118.0.5993.70 (e52f33f30b91..., userDataDir: C:\Users\USER\AppData\Local...}, fedcm:accounts: true, goog:chromeOptions: {debuggerAddress: localhost:61597}, networkConnectionEnabled: false, pageLoadStrategy: normal, platformName: WINDOWS, proxy: Proxy(), se:cdp: ws://localhost:61597/devtoo..., se:cdpVersion: 118.0.5993.118, setWindowRect: true, strictFileInteractability: false, timeouts: {implicit: 0, pageLoad: 300000, script: 30000}, unhandledPromptBehavior: dismiss and notify, webauthn:extension:credBlob: true, webauthn:extension:largeBlob: true, webauthn:extension:minPinLength: true, webauthn:extension:prf: true, webauthn:virtualAuthenticators: true}&#10;Session ID: 2f0bd1973ebebc87a3ed861a77a5cdf2" type="org.openqa.selenium.NoSuchElementException"><![CDATA[org.openqa.selenium.NoSuchElementException: 
no such element: Unable to locate element: {"method":"xpath","selector":"//input[@type='password']"}
  (Session info: chrome=118.0.5993.118)
For documentation on this error, please visit: https://selenium.dev/exceptions/#no_such_element
Build info: version: '4.8.1', revision: '8ebccac989'
System info: os.name: 'Windows 10', os.arch: 'amd64', os.version: '10.0', java.version: '1.8.0_231'
Driver info: org.openqa.selenium.chrome.ChromeDriver
Command: [2f0bd1973ebebc87a3ed861a77a5cdf2, findElement {using=xpath, value=//input[@type='password']}]
Capabilities {acceptInsecureCerts: false, browserName: chrome, browserVersion: 118.0.5993.118, chrome: {chromedriverVersion: 118.0.5993.70 (e52f33f30b91..., userDataDir: C:\Users\USER\AppData\Local...}, fedcm:accounts: true, goog:chromeOptions: {debuggerAddress: localhost:61597}, networkConnectionEnabled: false, pageLoadStrategy: normal, platformName: WINDOWS, proxy: Proxy(), se:cdp: ws://localhost:61597/devtoo..., se:cdpVersion: 118.0.5993.118, setWindowRect: true, strictFileInteractability: false, timeouts: {implicit: 0, pageLoad: 300000, script: 30000}, unhandledPromptBehavior: dismiss and notify, webauthn:extension:credBlob: true, webauthn:extension:largeBlob: true, webauthn:extension:minPinLength: true, webauthn:extension:prf: true, webauthn:virtualAuthenticators: true}
Session ID: 2f0bd1973ebebc87a3ed861a77a5cdf2
]]></error>
    <system-out><![CDATA[
@smoke
Scenario: User as a volunteer have to be able to logout &amp#27;[90m# src/test/resources/features/login.feature:21&amp#27;[0m
  &amp#27;[31mGiven &amp#27;[0m&amp#27;[31muser on the task page&amp#27;[0m                           &amp#27;[90m# ru.drmteamdev.step_definition.LoginStepDef.user_on_the_task_page()&amp#27;[0m
      &amp#27;[31morg.openqa.selenium.NoSuchElementException: no such element: Unable to locate element: {"method":"xpath","selector":"//input[@type='password']"}
  (Session info: chrome=118.0.5993.118)
For documentation on this error, please visit: https://selenium.dev/exceptions/#no_such_element
Build info: version: '4.8.1', revision: '8ebccac989'
System info: os.name: 'Windows 10', os.arch: 'amd64', os.version: '10.0', java.version: '1.8.0_231'
Driver info: org.openqa.selenium.chrome.ChromeDriver
Command: [2f0bd1973ebebc87a3ed861a77a5cdf2, findElement {using=xpath, value=//input[@type='password']}]
Capabilities {acceptInsecureCerts: false, browserName: chrome, browserVersion: 118.0.5993.118, chrome: {chromedriverVersion: 118.0.5993.70 (e52f33f30b91..., userDataDir: C:\Users\USER\AppData\Local...}, fedcm:accounts: true, goog:chromeOptions: {debuggerAddress: localhost:61597}, networkConnectionEnabled: false, pageLoadStrategy: normal, platformName: WINDOWS, proxy: Proxy(), se:cdp: ws://localhost:61597/devtoo..., se:cdpVersion: 118.0.5993.118, setWindowRect: true, strictFileInteractability: false, timeouts: {implicit: 0, pageLoad: 300000, script: 30000}, unhandledPromptBehavior: dismiss and notify, webauthn:extension:credBlob: true, webauthn:extension:largeBlob: true, webauthn:extension:minPinLength: true, webauthn:extension:prf: true, webauthn:virtualAuthenticators: true}
Session ID: 2f0bd1973ebebc87a3ed861a77a5cdf2
	at sun.reflect.GeneratedConstructorAccessor21.newInstance(Unknown Source)
	at sun.reflect.DelegatingConstructorAccessorImpl.newInstance(DelegatingConstructorAccessorImpl.java:45)
	at java.lang.reflect.Constructor.newInstance(Constructor.java:423)
	at org.openqa.selenium.remote.codec.w3c.W3CHttpResponseCodec.createException(W3CHttpResponseCodec.java:200)
	at org.openqa.selenium.remote.codec.w3c.W3CHttpResponseCodec.decode(W3CHttpResponseCodec.java:133)
	at org.openqa.selenium.remote.codec.w3c.W3CHttpResponseCodec.decode(W3CHttpResponseCodec.java:53)
	at org.openqa.selenium.remote.HttpCommandExecutor.execute(HttpCommandExecutor.java:184)
	at org.openqa.selenium.remote.service.DriverCommandExecutor.invokeExecute(DriverCommandExecutor.java:167)
	at org.openqa.selenium.remote.service.DriverCommandExecutor.execute(DriverCommandExecutor.java:142)
	at org.openqa.selenium.remote.RemoteWebDriver.execute(RemoteWebDriver.java:543)
	at org.openqa.selenium.remote.ElementLocation$ElementFinder$2.findElement(ElementLocation.java:162)
	at org.openqa.selenium.remote.ElementLocation.findElement(ElementLocation.java:60)
	at org.openqa.selenium.remote.RemoteWebDriver.findElement(RemoteWebDriver.java:352)
	at org.openqa.selenium.remote.RemoteWebDriver.findElement(RemoteWebDriver.java:344)
	at org.openqa.selenium.support.pagefactory.DefaultElementLocator.findElement(DefaultElementLocator.java:70)
	at org.openqa.selenium.support.pagefactory.internal.LocatingElementHandler.invoke(LocatingElementHandler.java:39)
	at com.sun.proxy.$Proxy23.sendKeys(Unknown Source)
	at ru.drmteamdev.step_definition.LoginStepDef.user_on_the_task_page(LoginStepDef.java:88)
	at вњЅ.user on the task page(file:///C:/Users/USER/WORKSPACE/drmteamdev-Project/src/test/resources/features/login.feature:22)
&amp#27;[0m
  &amp#27;[36mWhen &amp#27;[0m&amp#27;[36mif user click Р’С‹Р№С‚Рё&amp#27;[0m                              &amp#27;[90m# ru.drmteamdev.step_definition.LoginStepDef.ifUserClick()&amp#27;[0m
  &amp#27;[36mThen &amp#27;[0m&amp#27;[36muser should see login page&amp#27;[0m                       &amp#27;[90m# ru.drmteamdev.step_definition.LoginStepDef.user_should_see_login_page()&amp#27;[0m
]]></system-out>
  </testcase>
  <testcase name="User as an admin should be able to login with the correct credentials" classname="User with the wrong credentials should not be able" time="1.289">
    <system-out><![CDATA[
@smoke
Scenario: User as an admin should be able to login with the correct credentials &amp#27;[90m# src/test/resources/features/login.feature:27&amp#27;[0m
  &amp#27;[32mGiven &amp#27;[0m&amp#27;[32muser on the login page&amp#27;[0m                                                  &amp#27;[90m# ru.drmteamdev.step_definition.LoginStepDef.user_on_the_login_page()&amp#27;[0m
  &amp#27;[32mWhen &amp#27;[0m&amp#27;[32muser as an admin enters confirmed email and valid password&amp#27;[0m               &amp#27;[90m# ru.drmteamdev.step_definition.LoginStepDef.userAsAnAdminEntersConfirmedEmailAndValidPassword()&amp#27;[0m
  &amp#27;[32mThen &amp#27;[0m&amp#27;[32muser should see Task Page&amp#27;[0m                                                &amp#27;[90m# ru.drmteamdev.step_definition.LoginStepDef.user_should_see_task_page()&amp#27;[0m
]]></system-out>
  </testcase>
  <testcase name="User as an admin have to be able to logout" classname="User with the wrong credentials should not be able" time="2.026">
    <system-out><![CDATA[
@smoke
Scenario: User as an admin have to be able to logout              &amp#27;[90m# src/test/resources/features/login.feature:32&amp#27;[0m
  &amp#27;[32mGiven &amp#27;[0m&amp#27;[32muser on the login page&amp#27;[0m                                    &amp#27;[90m# ru.drmteamdev.step_definition.LoginStepDef.user_on_the_login_page()&amp#27;[0m
  &amp#27;[32mWhen &amp#27;[0m&amp#27;[32muser as an admin enters confirmed email and valid password&amp#27;[0m &amp#27;[90m# ru.drmteamdev.step_definition.LoginStepDef.userAsAnAdminEntersConfirmedEmailAndValidPassword()&amp#27;[0m
  &amp#27;[32mAnd &amp#27;[0m&amp#27;[32mif user click Р’С‹Р№С‚Рё&amp#27;[0m                                         &amp#27;[90m# ru.drmteamdev.step_definition.LoginStepDef.ifUserClick()&amp#27;[0m
  &amp#27;[32mThen &amp#27;[0m&amp#27;[32muser should see login page&amp#27;[0m                                 &amp#27;[90m# ru.drmteamdev.step_definition.LoginStepDef.user_should_see_login_page()&amp#27;[0m
]]></system-out>
  </testcase>
  <testcase name="User as an admin should not be able to login with an incorrect password #1" classname="User with the wrong credentials should not be able" time="0.615">
    <system-out><![CDATA[
@smoke
Scenario Outline: User as an admin should not be able to login with an incorrect password &amp#27;[90m# src/test/resources/features/login.feature:45&amp#27;[0m
  &amp#27;[32mGiven &amp#27;[0m&amp#27;[32muser on the login page&amp#27;[0m                                                            &amp#27;[90m# ru.drmteamdev.step_definition.LoginStepDef.user_on_the_login_page()&amp#27;[0m
  &amp#27;[32mWhen &amp#27;[0m&amp#27;[32muser as an admin enters confirmed email and invalid &amp#27;[0m&amp#27;[32m&amp#27;[1m"..."&amp#27;[0m                          &amp#27;[90m# ru.drmteamdev.step_definition.LoginStepDef.userAsAnAdminEntersConfirmedEmailAndInvalid(java.lang.String)&amp#27;[0m
  &amp#27;[32mThen &amp#27;[0m&amp#27;[32muser should see warning sign Password not correct&amp#27;[0m                                  &amp#27;[90m# ru.drmteamdev.step_definition.LoginStepDef.userShouldSeeWarningSignPasswordNotCorrect()&amp#27;[0m
]]></system-out>
  </testcase>
  <testcase name="User as an admin should not be able to login with an incorrect password #2" classname="User with the wrong credentials should not be able" time="0.48">
    <system-out><![CDATA[
@smoke
Scenario Outline: User as an admin should not be able to login with an incorrect password &amp#27;[90m# src/test/resources/features/login.feature:46&amp#27;[0m
  &amp#27;[32mGiven &amp#27;[0m&amp#27;[32muser on the login page&amp#27;[0m                                                            &amp#27;[90m# ru.drmteamdev.step_definition.LoginStepDef.user_on_the_login_page()&amp#27;[0m
  &amp#27;[32mWhen &amp#27;[0m&amp#27;[32muser as an admin enters confirmed email and invalid &amp#27;[0m&amp#27;[32m&amp#27;[1m"1234"&amp#27;[0m                         &amp#27;[90m# ru.drmteamdev.step_definition.LoginStepDef.userAsAnAdminEntersConfirmedEmailAndInvalid(java.lang.String)&amp#27;[0m
  &amp#27;[32mThen &amp#27;[0m&amp#27;[32muser should see warning sign Password not correct&amp#27;[0m                                  &amp#27;[90m# ru.drmteamdev.step_definition.LoginStepDef.userShouldSeeWarningSignPasswordNotCorrect()&amp#27;[0m
]]></system-out>
  </testcase>
  <testcase name="User as an admin should not be able to login with an incorrect password #3" classname="User with the wrong credentials should not be able" time="0.464">
    <system-out><![CDATA[
@smoke
Scenario Outline: User as an admin should not be able to login with an incorrect password &amp#27;[90m# src/test/resources/features/login.feature:47&amp#27;[0m
  &amp#27;[32mGiven &amp#27;[0m&amp#27;[32muser on the login page&amp#27;[0m                                                            &amp#27;[90m# ru.drmteamdev.step_definition.LoginStepDef.user_on_the_login_page()&amp#27;[0m
  &amp#27;[32mWhen &amp#27;[0m&amp#27;[32muser as an admin enters confirmed email and invalid &amp#27;[0m&amp#27;[32m&amp#27;[1m"321"&amp#27;[0m                          &amp#27;[90m# ru.drmteamdev.step_definition.LoginStepDef.userAsAnAdminEntersConfirmedEmailAndInvalid(java.lang.String)&amp#27;[0m
  &amp#27;[32mThen &amp#27;[0m&amp#27;[32muser should see warning sign Password not correct&amp#27;[0m                                  &amp#27;[90m# ru.drmteamdev.step_definition.LoginStepDef.userShouldSeeWarningSignPasswordNotCorrect()&amp#27;[0m
]]></system-out>
  </testcase>
  <testcase name="User as an admin should not be able to login with an incorrect password #4" classname="User with the wrong credentials should not be able" time="0.436">
    <system-out><![CDATA[
@smoke
Scenario Outline: User as an admin should not be able to login with an incorrect password &amp#27;[90m# src/test/resources/features/login.feature:48&amp#27;[0m
  &amp#27;[32mGiven &amp#27;[0m&amp#27;[32muser on the login page&amp#27;[0m                                                            &amp#27;[90m# ru.drmteamdev.step_definition.LoginStepDef.user_on_the_login_page()&amp#27;[0m
  &amp#27;[32mWhen &amp#27;[0m&amp#27;[32muser as an admin enters confirmed email and invalid &amp#27;[0m&amp#27;[32m&amp#27;[1m"vnaoshi"&amp#27;[0m                      &amp#27;[90m# ru.drmteamdev.step_definition.LoginStepDef.userAsAnAdminEntersConfirmedEmailAndInvalid(java.lang.String)&amp#27;[0m
  &amp#27;[32mThen &amp#27;[0m&amp#27;[32muser should see warning sign Password not correct&amp#27;[0m                                  &amp#27;[90m# ru.drmteamdev.step_definition.LoginStepDef.userShouldSeeWarningSignPasswordNotCorrect()&amp#27;[0m
]]></system-out>
  </testcase>
  <testcase name="User as an admin should not be able to login with an incorrect password #5" classname="User with the wrong credentials should not be able" time="0.472">
    <system-out><![CDATA[
@smoke
Scenario Outline: User as an admin should not be able to login with an incorrect password &amp#27;[90m# src/test/resources/features/login.feature:49&amp#27;[0m
  &amp#27;[32mGiven &amp#27;[0m&amp#27;[32muser on the login page&amp#27;[0m                                                            &amp#27;[90m# ru.drmteamdev.step_definition.LoginStepDef.user_on_the_login_page()&amp#27;[0m
  &amp#27;[32mWhen &amp#27;[0m&amp#27;[32muser as an admin enters confirmed email and invalid &amp#27;[0m&amp#27;[32m&amp#27;[1m"РґРѕР°С‹С‰С€РѕРІР°С‰"&amp#27;[0m                   &amp#27;[90m# ru.drmteamdev.step_definition.LoginStepDef.userAsAnAdminEntersConfirmedEmailAndInvalid(java.lang.String)&amp#27;[0m
  &amp#27;[32mThen &amp#27;[0m&amp#27;[32muser should see warning sign Password not correct&amp#27;[0m                                  &amp#27;[90m# ru.drmteamdev.step_definition.LoginStepDef.userShouldSeeWarningSignPasswordNotCorrect()&amp#27;[0m
]]></system-out>
  </testcase>
  <testcase name="User as an admin should not be able to login with an incorrect password #6" classname="User with the wrong credentials should not be able" time="0.441">
    <system-out><![CDATA[
@smoke
Scenario Outline: User as an admin should not be able to login with an incorrect password &amp#27;[90m# src/test/resources/features/login.feature:50&amp#27;[0m
  &amp#27;[32mGiven &amp#27;[0m&amp#27;[32muser on the login page&amp#27;[0m                                                            &amp#27;[90m# ru.drmteamdev.step_definition.LoginStepDef.user_on_the_login_page()&amp#27;[0m
  &amp#27;[32mWhen &amp#27;[0m&amp#27;[32muser as an admin enters confirmed email and invalid &amp#27;[0m&amp#27;[32m&amp#27;[1m"123123"&amp#27;[0m                       &amp#27;[90m# ru.drmteamdev.step_definition.LoginStepDef.userAsAnAdminEntersConfirmedEmailAndInvalid(java.lang.String)&amp#27;[0m
  &amp#27;[32mThen &amp#27;[0m&amp#27;[32muser should see warning sign Password not correct&amp#27;[0m                                  &amp#27;[90m# ru.drmteamdev.step_definition.LoginStepDef.userShouldSeeWarningSignPasswordNotCorrect()&amp#27;[0m
]]></system-out>
  </testcase>
  <testcase name="User as an admin should not be able to login with an incorrect password #7" classname="User with the wrong credentials should not be able" time="0.448">
    <system-out><![CDATA[
@smoke
Scenario Outline: User as an admin should not be able to login with an incorrect password &amp#27;[90m# src/test/resources/features/login.feature:51&amp#27;[0m
  &amp#27;[32mGiven &amp#27;[0m&amp#27;[32muser on the login page&amp#27;[0m                                                            &amp#27;[90m# ru.drmteamdev.step_definition.LoginStepDef.user_on_the_login_page()&amp#27;[0m
  &amp#27;[32mWhen &amp#27;[0m&amp#27;[32muser as an admin enters confirmed email and invalid &amp#27;[0m&amp#27;[32m&amp#27;[1m"@#$%^&*()"&amp#27;[0m                    &amp#27;[90m# ru.drmteamdev.step_definition.LoginStepDef.userAsAnAdminEntersConfirmedEmailAndInvalid(java.lang.String)&amp#27;[0m
  &amp#27;[32mThen &amp#27;[0m&amp#27;[32muser should see warning sign Password not correct&amp#27;[0m                                  &amp#27;[90m# ru.drmteamdev.step_definition.LoginStepDef.userShouldSeeWarningSignPasswordNotCorrect()&amp#27;[0m
]]></system-out>
  </testcase>
  <testcase name="User as an admin should not be able to login with an incorrect password #8" classname="User with the wrong credentials should not be able" time="0.417">
    <system-out><![CDATA[
@smoke
Scenario Outline: User as an admin should not be able to login with an incorrect password &amp#27;[90m# src/test/resources/features/login.feature:52&amp#27;[0m
  &amp#27;[32mGiven &amp#27;[0m&amp#27;[32muser on the login page&amp#27;[0m                                                            &amp#27;[90m# ru.drmteamdev.step_definition.LoginStepDef.user_on_the_login_page()&amp#27;[0m
  &amp#27;[32mWhen &amp#27;[0m&amp#27;[32muser as an admin enters confirmed email and invalid &amp#27;[0m&amp#27;[32m&amp#27;[1m""&amp#27;[0m                             &amp#27;[90m# ru.drmteamdev.step_definition.LoginStepDef.userAsAnAdminEntersConfirmedEmailAndInvalid(java.lang.String)&amp#27;[0m
  &amp#27;[32mThen &amp#27;[0m&amp#27;[32muser should see warning sign Password not correct&amp#27;[0m                                  &amp#27;[90m# ru.drmteamdev.step_definition.LoginStepDef.userShouldSeeWarningSignPasswordNotCorrect()&amp#27;[0m
]]></system-out>
  </testcase>
  <testcase name="User as a volunteer should not be able to login with an incorrect password #1" classname="User with the wrong credentials should not be able" time="0.594">
    <system-out><![CDATA[
@smoke
Scenario Outline: User as a volunteer should not be able to login with an incorrect password &amp#27;[90m# src/test/resources/features/login.feature:61&amp#27;[0m
  &amp#27;[32mGiven &amp#27;[0m&amp#27;[32muser on the login page&amp#27;[0m                                                               &amp#27;[90m# ru.drmteamdev.step_definition.LoginStepDef.user_on_the_login_page()&amp#27;[0m
  &amp#27;[32mWhen &amp#27;[0m&amp#27;[32muser as a volunteer enters confirmed email and invalid &amp#27;[0m&amp#27;[32m&amp#27;[1m"..."&amp#27;[0m                          &amp#27;[90m# ru.drmteamdev.step_definition.LoginStepDef.userAsAVolunteerEntersConfirmedEmailAndInvalid(java.lang.String)&amp#27;[0m
  &amp#27;[32mThen &amp#27;[0m&amp#27;[32muser should see warning sign Password not correct&amp#27;[0m                                     &amp#27;[90m# ru.drmteamdev.step_definition.LoginStepDef.userShouldSeeWarningSignPasswordNotCorrect()&amp#27;[0m
]]></system-out>
  </testcase>
  <testcase name="User as a volunteer should not be able to login with an incorrect password #2" classname="User with the wrong credentials should not be able" time="0.546">
    <system-out><![CDATA[
@smoke
Scenario Outline: User as a volunteer should not be able to login with an incorrect password &amp#27;[90m# src/test/resources/features/login.feature:62&amp#27;[0m
  &amp#27;[32mGiven &amp#27;[0m&amp#27;[32muser on the login page&amp#27;[0m                                                               &amp#27;[90m# ru.drmteamdev.step_definition.LoginStepDef.user_on_the_login_page()&amp#27;[0m
  &amp#27;[32mWhen &amp#27;[0m&amp#27;[32muser as a volunteer enters confirmed email and invalid &amp#27;[0m&amp#27;[32m&amp#27;[1m"1234"&amp#27;[0m                         &amp#27;[90m# ru.drmteamdev.step_definition.LoginStepDef.userAsAVolunteerEntersConfirmedEmailAndInvalid(java.lang.String)&amp#27;[0m
  &amp#27;[32mThen &amp#27;[0m&amp#27;[32muser should see warning sign Password not correct&amp#27;[0m                                     &amp#27;[90m# ru.drmteamdev.step_definition.LoginStepDef.userShouldSeeWarningSignPasswordNotCorrect()&amp#27;[0m
]]></system-out>
  </testcase>
  <testcase name="User as a volunteer should not be able to login with an incorrect password #3" classname="User with the wrong credentials should not be able" time="0.434">
    <system-out><![CDATA[
@smoke
Scenario Outline: User as a volunteer should not be able to login with an incorrect password &amp#27;[90m# src/test/resources/features/login.feature:63&amp#27;[0m
  &amp#27;[32mGiven &amp#27;[0m&amp#27;[32muser on the login page&amp#27;[0m                                                               &amp#27;[90m# ru.drmteamdev.step_definition.LoginStepDef.user_on_the_login_page()&amp#27;[0m
  &amp#27;[32mWhen &amp#27;[0m&amp#27;[32muser as a volunteer enters confirmed email and invalid &amp#27;[0m&amp#27;[32m&amp#27;[1m"321"&amp#27;[0m                          &amp#27;[90m# ru.drmteamdev.step_definition.LoginStepDef.userAsAVolunteerEntersConfirmedEmailAndInvalid(java.lang.String)&amp#27;[0m
  &amp#27;[32mThen &amp#27;[0m&amp#27;[32muser should see warning sign Password not correct&amp#27;[0m                                     &amp#27;[90m# ru.drmteamdev.step_definition.LoginStepDef.userShouldSeeWarningSignPasswordNotCorrect()&amp#27;[0m
]]></system-out>
  </testcase>
  <testcase name="User as a volunteer should not be able to login with an incorrect password #4" classname="User with the wrong credentials should not be able" time="0.581">
    <system-out><![CDATA[
@smoke
Scenario Outline: User as a volunteer should not be able to login with an incorrect password &amp#27;[90m# src/test/resources/features/login.feature:64&amp#27;[0m
  &amp#27;[32mGiven &amp#27;[0m&amp#27;[32muser on the login page&amp#27;[0m                                                               &amp#27;[90m# ru.drmteamdev.step_definition.LoginStepDef.user_on_the_login_page()&amp#27;[0m
  &amp#27;[32mWhen &amp#27;[0m&amp#27;[32muser as a volunteer enters confirmed email and invalid &amp#27;[0m&amp#27;[32m&amp#27;[1m"vnaoshi"&amp#27;[0m                      &amp#27;[90m# ru.drmteamdev.step_definition.LoginStepDef.userAsAVolunteerEntersConfirmedEmailAndInvalid(java.lang.String)&amp#27;[0m
  &amp#27;[32mThen &amp#27;[0m&amp#27;[32muser should see warning sign Password not correct&amp#27;[0m                                     &amp#27;[90m# ru.drmteamdev.step_definition.LoginStepDef.userShouldSeeWarningSignPasswordNotCorrect()&amp#27;[0m
]]></system-out>
  </testcase>
  <testcase name="User as a volunteer should not be able to login with an incorrect password #5" classname="User with the wrong credentials should not be able" time="0.523">
    <system-out><![CDATA[
@smoke
Scenario Outline: User as a volunteer should not be able to login with an incorrect password &amp#27;[90m# src/test/resources/features/login.feature:65&amp#27;[0m
  &amp#27;[32mGiven &amp#27;[0m&amp#27;[32muser on the login page&amp#27;[0m                                                               &amp#27;[90m# ru.drmteamdev.step_definition.LoginStepDef.user_on_the_login_page()&amp#27;[0m
  &amp#27;[32mWhen &amp#27;[0m&amp#27;[32muser as a volunteer enters confirmed email and invalid &amp#27;[0m&amp#27;[32m&amp#27;[1m"РґРѕР°С‹С‰С€РѕРІР°С‰"&amp#27;[0m                   &amp#27;[90m# ru.drmteamdev.step_definition.LoginStepDef.userAsAVolunteerEntersConfirmedEmailAndInvalid(java.lang.String)&amp#27;[0m
  &amp#27;[32mThen &amp#27;[0m&amp#27;[32muser should see warning sign Password not correct&amp#27;[0m                                     &amp#27;[90m# ru.drmteamdev.step_definition.LoginStepDef.userShouldSeeWarningSignPasswordNotCorrect()&amp#27;[0m
]]></system-out>
  </testcase>
  <testcase name="User as a volunteer should not be able to login with an incorrect password #6" classname="User with the wrong credentials should not be able" time="0.667">
    <system-out><![CDATA[
@smoke
Scenario Outline: User as a volunteer should not be able to login with an incorrect password &amp#27;[90m# src/test/resources/features/login.feature:66&amp#27;[0m
  &amp#27;[32mGiven &amp#27;[0m&amp#27;[32muser on the login page&amp#27;[0m                                                               &amp#27;[90m# ru.drmteamdev.step_definition.LoginStepDef.user_on_the_login_page()&amp#27;[0m
  &amp#27;[32mWhen &amp#27;[0m&amp#27;[32muser as a volunteer enters confirmed email and invalid &amp#27;[0m&amp#27;[32m&amp#27;[1m"123123"&amp#27;[0m                       &amp#27;[90m# ru.drmteamdev.step_definition.LoginStepDef.userAsAVolunteerEntersConfirmedEmailAndInvalid(java.lang.String)&amp#27;[0m
  &amp#27;[32mThen &amp#27;[0m&amp#27;[32muser should see warning sign Password not correct&amp#27;[0m                                     &amp#27;[90m# ru.drmteamdev.step_definition.LoginStepDef.userShouldSeeWarningSignPasswordNotCorrect()&amp#27;[0m
]]></system-out>
  </testcase>
  <testcase name="User as a volunteer should not be able to login with an incorrect password #7" classname="User with the wrong credentials should not be able" time="0.643">
    <system-out><![CDATA[
@smoke
Scenario Outline: User as a volunteer should not be able to login with an incorrect password &amp#27;[90m# src/test/resources/features/login.feature:67&amp#27;[0m
  &amp#27;[32mGiven &amp#27;[0m&amp#27;[32muser on the login page&amp#27;[0m                                                               &amp#27;[90m# ru.drmteamdev.step_definition.LoginStepDef.user_on_the_login_page()&amp#27;[0m
  &amp#27;[32mWhen &amp#27;[0m&amp#27;[32muser as a volunteer enters confirmed email and invalid &amp#27;[0m&amp#27;[32m&amp#27;[1m"@#$%^&*()"&amp#27;[0m                    &amp#27;[90m# ru.drmteamdev.step_definition.LoginStepDef.userAsAVolunteerEntersConfirmedEmailAndInvalid(java.lang.String)&amp#27;[0m
  &amp#27;[32mThen &amp#27;[0m&amp#27;[32muser should see warning sign Password not correct&amp#27;[0m                                     &amp#27;[90m# ru.drmteamdev.step_definition.LoginStepDef.userShouldSeeWarningSignPasswordNotCorrect()&amp#27;[0m
]]></system-out>
  </testcase>
  <testcase name="User as a volunteer should not be able to login with an incorrect password #8" classname="User with the wrong credentials should not be able" time="0.606">
    <system-out><![CDATA[
@smoke
Scenario Outline: User as a volunteer should not be able to login with an incorrect password &amp#27;[90m# src/test/resources/features/login.feature:68&amp#27;[0m
  &amp#27;[32mGiven &amp#27;[0m&amp#27;[32muser on the login page&amp#27;[0m                                                               &amp#27;[90m# ru.drmteamdev.step_definition.LoginStepDef.user_on_the_login_page()&amp#27;[0m
  &amp#27;[32mWhen &amp#27;[0m&amp#27;[32muser as a volunteer enters confirmed email and invalid &amp#27;[0m&amp#27;[32m&amp#27;[1m""&amp#27;[0m                             &amp#27;[90m# ru.drmteamdev.step_definition.LoginStepDef.userAsAVolunteerEntersConfirmedEmailAndInvalid(java.lang.String)&amp#27;[0m
  &amp#27;[32mThen &amp#27;[0m&amp#27;[32muser should see warning sign Password not correct&amp#27;[0m                                     &amp#27;[90m# ru.drmteamdev.step_definition.LoginStepDef.userShouldSeeWarningSignPasswordNotCorrect()&amp#27;[0m
]]></system-out>
  </testcase>
</testsuite>